<!DOCTYPE html>

<html>
  <head>
  <meta charset='utf-8'>
  <title>TestNG reports</title>

    <link type="text/css" href="testng-reports1.css" rel="stylesheet" id="ultra" />
    <link type="text/css" href="testng-reports.css" rel="stylesheet" id="retro" disabled="false"/>
    <script type="text/javascript" src="jquery.min.js"></script>
    <script type="text/javascript" src="testng-reports.js"></script>
    <script type="text/javascript" src="https://www.google.com/jsapi"></script>
    <script type='text/javascript'>
      google.load('visualization', '1', {packages:['table']});
      google.setOnLoadCallback(drawTable);
      var suiteTableInitFunctions = new Array();
      var suiteTableData = new Array();
    </script>
    <!--
      <script type="text/javascript" src="jquery-ui/js/jquery-ui-1.8.16.custom.min.js"></script>
     -->
  </head>

  <body>
    <div class="top-banner-root">
      <span class="top-banner-title-font">Test results</span>
      <button id="button" class="button">Switch Retro Theme</button> <!-- button -->
      <br/>
      <span class="top-banner-font-1">2 suites, 21 failed tests</span>
    </div> <!-- top-banner-root -->
    <div class="navigator-root">
      <div class="navigator-suite-header">
        <span>All suites</span>
        <a href="#" title="Collapse/expand all the suites" class="collapse-all-link">
          <img src="collapseall.gif" class="collapse-all-icon">
          </img> <!-- collapse-all-icon -->
        </a> <!-- collapse-all-link -->
      </div> <!-- navigator-suite-header -->
      <div class="suite">
        <div class="rounded-window">
          <div class="suite-header light-rounded-window-top">
            <a href="#" panel-name="suite-General_Website_Test" class="navigator-link">
              <span class="suite-name border-failed">General Website Test</span>
            </a> <!-- navigator-link -->
          </div> <!-- suite-header light-rounded-window-top -->
          <div class="navigator-suite-content">
            <div class="suite-section-title">
              <span>Info</span>
            </div> <!-- suite-section-title -->
            <div class="suite-section-content">
              <ul>
                <li>
                  <a href="#" panel-name="test-xml-General_Website_Test" class="navigator-link ">
                    <span>C:\Users\vmadmin\Documents\Automation_Platform\investment-platform-qaautomation\scenario.xml</span>
                  </a> <!-- navigator-link  -->
                </li>
                <li>
                  <a href="#" panel-name="testlist-General_Website_Test" class="navigator-link ">
                    <span class="test-stats">1 test</span>
                  </a> <!-- navigator-link  -->
                </li>
                <li>
                  <a href="#" panel-name="group-General_Website_Test" class="navigator-link ">
                    <span>24 groups</span>
                  </a> <!-- navigator-link  -->
                </li>
                <li>
                  <a href="#" panel-name="times-General_Website_Test" class="navigator-link ">
                    <span>Times</span>
                  </a> <!-- navigator-link  -->
                </li>
                <li>
                  <a href="#" panel-name="reporter-General_Website_Test" class="navigator-link ">
                    <span>Reporter output</span>
                  </a> <!-- navigator-link  -->
                </li>
                <li>
                  <a href="#" panel-name="ignored-methods-General_Website_Test" class="navigator-link ">
                    <span>Ignored methods</span>
                  </a> <!-- navigator-link  -->
                </li>
                <li>
                  <a href="#" panel-name="chronological-General_Website_Test" class="navigator-link ">
                    <span>Chronological view</span>
                  </a> <!-- navigator-link  -->
                </li>
              </ul>
            </div> <!-- suite-section-content -->
            <div class="result-section">
              <div class="suite-section-title">
                <span>Results</span>
              </div> <!-- suite-section-title -->
              <div class="suite-section-content">
                <ul>
                  <li>
                    <span class="method-stats">26 methods, 21 failed,   5 passed</span>
                  </li>
                  <li>
                    <span class="method-list-title failed">Failed methods</span>
                    <span class="show-or-hide-methods failed">
                      <a href="#" panel-name="suite-General_Website_Test" class="hide-methods failed suite-General_Website_Test"> (hide)</a> <!-- hide-methods failed suite-General_Website_Test -->
                      <a href="#" panel-name="suite-General_Website_Test" class="show-methods failed suite-General_Website_Test"> (show)</a> <!-- show-methods failed suite-General_Website_Test -->
                    </span>
                    <div class="method-list-content failed suite-General_Website_Test">
                      <span>
                        <img src="failed.png" width="3%"/>
                        <a href="#" panel-name="suite-General_Website_Test" title="src.com.pack.common.tests.ADealInvestorPageTest" class="method navigator-link" hash-for-method="AddDepositAmount">AddDepositAmount</a> <!-- method navigator-link -->
                      </span>
                      <br/>
                      <span>
                        <img src="failed.png" width="3%"/>
                        <a href="#" panel-name="suite-General_Website_Test" title="src.com.pack.common.tests.DealViewTest" class="method navigator-link" hash-for-method="InvitationsDeal">InvitationsDeal</a> <!-- method navigator-link -->
                      </span>
                      <br/>
                      <span>
                        <img src="failed.png" width="3%"/>
                        <a href="#" panel-name="suite-General_Website_Test" title="src.com.pack.common.tests.DealViewTest" class="method navigator-link" hash-for-method="MyOriginationDeal">MyOriginationDeal</a> <!-- method navigator-link -->
                      </span>
                      <br/>
                      <span>
                        <img src="failed.png" width="3%"/>
                        <a href="#" panel-name="suite-General_Website_Test" title="src.com.pack.common.tests.IconPageTest" class="method navigator-link" hash-for-method="MyProfileDetails">MyProfileDetails</a> <!-- method navigator-link -->
                      </span>
                      <br/>
                      <span>
                        <img src="failed.png" width="3%"/>
                        <a href="#" panel-name="suite-General_Website_Test" title="src.com.pack.common.tests.IconPageTest" class="method navigator-link" hash-for-method="NotificationSet">NotificationSet</a> <!-- method navigator-link -->
                      </span>
                      <br/>
                      <span>
                        <img src="failed.png" width="3%"/>
                        <a href="#" panel-name="suite-General_Website_Test" title="src.com.pack.common.tests.DealViewTest" class="method navigator-link" hash-for-method="OpenHuddlesDeal">OpenHuddlesDeal</a> <!-- method navigator-link -->
                      </span>
                      <br/>
                      <span>
                        <img src="failed.png" width="3%"/>
                        <a href="#" panel-name="suite-General_Website_Test" title="src.com.pack.common.tests.SignUpTest" class="method navigator-link" hash-for-method="Signup">Signup</a> <!-- method navigator-link -->
                      </span>
                      <br/>
                      <span>
                        <img src="failed.png" width="3%"/>
                        <a href="#" panel-name="suite-General_Website_Test" title="src.com.pack.common.tests.ADealInvestorPageTest" class="method navigator-link" hash-for-method="UploadUserDocuments">UploadUserDocuments</a> <!-- method navigator-link -->
                      </span>
                      <br/>
                      <span>
                        <img src="failed.png" width="3%"/>
                        <a href="#" panel-name="suite-General_Website_Test" title="src.com.pack.common.tests.SignUpTest" class="method navigator-link" hash-for-method="VerifyEmail">VerifyEmail</a> <!-- method navigator-link -->
                      </span>
                      <br/>
                      <span>
                        <img src="failed.png" width="3%"/>
                        <a href="#" panel-name="suite-General_Website_Test" title="src.com.pack.common.tests.AInvestonDealTest" class="method navigator-link" hash-for-method="aUploadDocumentOnDeal">aUploadDocumentOnDeal</a> <!-- method navigator-link -->
                      </span>
                      <br/>
                      <span>
                        <img src="failed.png" width="3%"/>
                        <a href="#" panel-name="suite-General_Website_Test" title="src.com.pack.common.tests.ADeletePageTest" class="method navigator-link" hash-for-method="adeleteInvestorImage">adeleteInvestorImage</a> <!-- method navigator-link -->
                      </span>
                      <br/>
                      <span>
                        <img src="failed.png" width="3%"/>
                        <a href="#" panel-name="suite-General_Website_Test" title="src.com.pack.common.tests.AInvestonDealTest" class="method navigator-link" hash-for-method="bInvestonDeal">bInvestonDeal</a> <!-- method navigator-link -->
                      </span>
                      <br/>
                      <span>
                        <img src="failed.png" width="3%"/>
                        <a href="#" panel-name="suite-General_Website_Test" title="src.com.pack.common.tests.ADeletePageTest" class="method navigator-link" hash-for-method="bdeleteDeal">bdeleteDeal</a> <!-- method navigator-link -->
                      </span>
                      <br/>
                      <span>
                        <img src="failed.png" width="3%"/>
                        <a href="#" panel-name="suite-General_Website_Test" title="src.com.pack.common.tests.AInvestonDealTest" class="method navigator-link" hash-for-method="cverifyAmountInvestor">cverifyAmountInvestor</a> <!-- method navigator-link -->
                      </span>
                      <br/>
                      <span>
                        <img src="failed.png" width="3%"/>
                        <a href="#" panel-name="suite-General_Website_Test" title="src.com.pack.common.tests.AInvestonDealTest" class="method navigator-link" hash-for-method="dDeleteInvestment">dDeleteInvestment</a> <!-- method navigator-link -->
                      </span>
                      <br/>
                      <span>
                        <img src="failed.png" width="3%"/>
                        <a href="#" panel-name="suite-General_Website_Test" title="src.com.pack.common.tests.CDealCreateTest" class="method navigator-link" hash-for-method="dealDetails">dealDetails</a> <!-- method navigator-link -->
                      </span>
                      <br/>
                      <span>
                        <img src="failed.png" width="3%"/>
                        <a href="#" panel-name="suite-General_Website_Test" title="src.com.pack.common.tests.RegistrationTest" class="method navigator-link" hash-for-method="selfAccredition">selfAccredition</a> <!-- method navigator-link -->
                      </span>
                      <br/>
                      <span>
                        <img src="failed.png" width="3%"/>
                        <a href="#" panel-name="suite-General_Website_Test" title="src.com.pack.common.tests.ADealInvestorPageTest" class="method navigator-link" hash-for-method="updateContactDetail">updateContactDetail</a> <!-- method navigator-link -->
                      </span>
                      <br/>
                      <span>
                        <img src="failed.png" width="3%"/>
                        <a href="#" panel-name="suite-General_Website_Test" title="src.com.pack.common.tests.ADealInvestorPageTest" class="method navigator-link" hash-for-method="updateRegistrationStatus">updateRegistrationStatus</a> <!-- method navigator-link -->
                      </span>
                      <br/>
                      <span>
                        <img src="failed.png" width="3%"/>
                        <a href="#" panel-name="suite-General_Website_Test" title="src.com.pack.common.tests.SignUpTest" class="method navigator-link" hash-for-method="verifyuserinAdmin">verifyuserinAdmin</a> <!-- method navigator-link -->
                      </span>
                      <br/>
                      <span>
                        <img src="failed.png" width="3%"/>
                        <a href="#" panel-name="suite-General_Website_Test" title="src.com.pack.common.tests.ADealInvestorPageTest" class="method navigator-link" hash-for-method="verifyuserinAdmin">verifyuserinAdmin</a> <!-- method navigator-link -->
                      </span>
                      <br/>
                    </div> <!-- method-list-content failed suite-General_Website_Test -->
                  </li>
                  <li>
                    <span class="method-list-title passed">Passed methods</span>
                    <span class="show-or-hide-methods passed">
                      <a href="#" panel-name="suite-General_Website_Test" class="hide-methods passed suite-General_Website_Test"> (hide)</a> <!-- hide-methods passed suite-General_Website_Test -->
                      <a href="#" panel-name="suite-General_Website_Test" class="show-methods passed suite-General_Website_Test"> (show)</a> <!-- show-methods passed suite-General_Website_Test -->
                    </span>
                    <div class="method-list-content passed suite-General_Website_Test">
                      <span>
                        <img src="passed.png" width="3%"/>
                        <a href="#" panel-name="suite-General_Website_Test" title="src.com.pack.common.tests.ADealCreateTest" class="method navigator-link" hash-for-method="CreateDealAdmin">CreateDealAdmin</a> <!-- method navigator-link -->
                      </span>
                      <br/>
                      <span>
                        <img src="passed.png" width="3%"/>
                        <a href="#" panel-name="suite-General_Website_Test" title="src.com.pack.common.tests.ADealCreateTest" class="method navigator-link" hash-for-method="MandatoryFieldDeal">MandatoryFieldDeal</a> <!-- method navigator-link -->
                      </span>
                      <br/>
                      <span>
                        <img src="passed.png" width="3%"/>
                        <a href="#" panel-name="suite-General_Website_Test" title="src.com.pack.common.tests.RegistrationTest" class="method navigator-link" hash-for-method="bankDetail">bankDetail</a> <!-- method navigator-link -->
                      </span>
                      <br/>
                      <span>
                        <img src="passed.png" width="3%"/>
                        <a href="#" panel-name="suite-General_Website_Test" title="src.com.pack.common.tests.RegistrationTest" class="method navigator-link" hash-for-method="contactInfo">contactInfo</a> <!-- method navigator-link -->
                      </span>
                      <br/>
                      <span>
                        <img src="passed.png" width="3%"/>
                        <a href="#" panel-name="suite-General_Website_Test" title="src.com.pack.common.tests.RegistrationTest" class="method navigator-link" hash-for-method="documents">documents</a> <!-- method navigator-link -->
                      </span>
                      <br/>
                    </div> <!-- method-list-content passed suite-General_Website_Test -->
                  </li>
                </ul>
              </div> <!-- suite-section-content -->
            </div> <!-- result-section -->
          </div> <!-- navigator-suite-content -->
        </div> <!-- rounded-window -->
      </div> <!-- suite -->
    </div> <!-- navigator-root -->
    <div class="wrapper">
      <div class="main-panel-root">
        <div panel-name="suite-General_Website_Test" class="panel General_Website_Test">
          <div class="suite-General_Website_Test-class-failed">
            <div class="main-panel-header rounded-window-top">
              <img src="failed.png"/>
              <span class="class-name">src.com.pack.common.tests.AInvestonDealTest</span>
            </div> <!-- main-panel-header rounded-window-top -->
            <div class="main-panel-content rounded-window-bottom">
              <div class="method">
                <div class="method-content">
                  <a name="aUploadDocumentOnDeal">
                  </a> <!-- aUploadDocumentOnDeal -->
                  <span class="method-name">aUploadDocumentOnDeal</span>
                  <div class="stack-trace">org.openqa.selenium.NoSuchElementException: no such element: Unable to locate element: {&quot;method&quot;:&quot;xpath&quot;,&quot;selector&quot;:&quot;//table[@id=&apos;dealinvestor-table&apos;]/tbody/tr/td/a&quot;}
  (Session info: chrome=93.0.4577.63)
For documentation on this error, please visit: https://www.seleniumhq.org/exceptions/no_such_element.html
Build info: version: &apos;3.141.59&apos;, revision: &apos;e82be7d358&apos;, time: &apos;2018-11-14T08:25:53&apos;
System info: host: &apos;AgentVM&apos;, ip: &apos;10.0.0.4&apos;, os.name: &apos;Windows Server 2016&apos;, os.arch: &apos;amd64&apos;, os.version: &apos;10.0&apos;, java.version: &apos;16.0.2&apos;
Driver info: org.openqa.selenium.chrome.ChromeDriver
Capabilities {acceptInsecureCerts: false, browserName: chrome, browserVersion: 93.0.4577.63, chrome: {chromedriverVersion: 92.0.4515.107 (87a818b10553..., userDataDir: C:\Users\vmadmin\AppData\Lo...}, goog:chromeOptions: {debuggerAddress: localhost:52094}, javascriptEnabled: true, networkConnectionEnabled: false, pageLoadStrategy: normal, platform: WINDOWS, platformName: WINDOWS, proxy: Proxy(), setWindowRect: true, strictFileInteractability: false, timeouts: {implicit: 0, pageLoad: 300000, script: 30000}, unhandledPromptBehavior: dismiss and notify, webauthn:extension:credBlob: true, webauthn:extension:largeBlob: true, webauthn:virtualAuthenticators: true}
Session ID: c6181b26f85511c5bda9a6e01ce415a3
*** Element info: {Using=xpath, value=//table[@id=&apos;dealinvestor-table&apos;]/tbody/tr/td/a}
	at org.openqa.selenium.remote.http.W3CHttpResponseCodec.createException(W3CHttpResponseCodec.java:187)
	at org.openqa.selenium.remote.http.W3CHttpResponseCodec.decode(W3CHttpResponseCodec.java:122)
	at org.openqa.selenium.remote.http.W3CHttpResponseCodec.decode(W3CHttpResponseCodec.java:49)
	at org.openqa.selenium.remote.HttpCommandExecutor.execute(HttpCommandExecutor.java:158)
	at org.openqa.selenium.remote.service.DriverCommandExecutor.execute(DriverCommandExecutor.java:83)
	at org.openqa.selenium.remote.RemoteWebDriver.execute(RemoteWebDriver.java:552)
	at org.openqa.selenium.remote.RemoteWebDriver.findElement(RemoteWebDriver.java:323)
	at org.openqa.selenium.remote.RemoteWebDriver.findElementByXPath(RemoteWebDriver.java:428)
	at org.openqa.selenium.By$ByXPath.findElement(By.java:353)
	at org.openqa.selenium.remote.RemoteWebDriver.findElement(RemoteWebDriver.java:315)
	at src.com.pack.common.pageobjects.ADealInvestorPage.OpenInvestorDetail(ADealInvestorPage.java:148)
	at src.com.pack.common.pageobjects.ADealInvestorPage.OpenInvestor(ADealInvestorPage.java:65)
	at src.com.pack.common.tests.AInvestonDealTest.aUploadDocumentOnDeal(AInvestonDealTest.java:49)
	at java.base/java.util.ArrayList.forEach(ArrayList.java:1511)
... Removed 33 stack frames
</div> <!-- stack-trace -->
                  <em>
(Upload Document on Deal)                  </em>
                </div> <!-- method-content -->
              </div> <!-- method -->
              <div class="method">
                <div class="method-content">
                  <a name="bInvestonDeal">
                  </a> <!-- bInvestonDeal -->
                  <span class="method-name">bInvestonDeal</span>
                  <div class="stack-trace">java.lang.NullPointerException: Cannot load from object array because &quot;dealDetail&quot; is null
	at src.com.pack.common.pageobjects.AInvestonDealPage.InvestOnRandomDeal(AInvestonDealPage.java:58)
	at src.com.pack.common.tests.AInvestonDealTest.bInvestonDeal(AInvestonDealTest.java:54)
	at java.base/java.util.ArrayList.forEach(ArrayList.java:1511)
... Removed 28 stack frames
</div> <!-- stack-trace -->
                  <em>
(Invest on Deal)                  </em>
                </div> <!-- method-content -->
              </div> <!-- method -->
              <div class="method">
                <div class="method-content">
                  <a name="cverifyAmountInvestor">
                  </a> <!-- cverifyAmountInvestor -->
                  <span class="method-name">cverifyAmountInvestor</span>
                  <div class="stack-trace">org.openqa.selenium.NoSuchElementException: no such element: Unable to locate element: {&quot;method&quot;:&quot;xpath&quot;,&quot;selector&quot;:&quot;//div[@id=&apos;dealInvestor&apos;]//div/dl/dd/a&quot;}
  (Session info: chrome=93.0.4577.63)
For documentation on this error, please visit: https://www.seleniumhq.org/exceptions/no_such_element.html
Build info: version: &apos;3.141.59&apos;, revision: &apos;e82be7d358&apos;, time: &apos;2018-11-14T08:25:53&apos;
System info: host: &apos;AgentVM&apos;, ip: &apos;10.0.0.4&apos;, os.name: &apos;Windows Server 2016&apos;, os.arch: &apos;amd64&apos;, os.version: &apos;10.0&apos;, java.version: &apos;16.0.2&apos;
Driver info: org.openqa.selenium.chrome.ChromeDriver
Capabilities {acceptInsecureCerts: false, browserName: chrome, browserVersion: 93.0.4577.63, chrome: {chromedriverVersion: 92.0.4515.107 (87a818b10553..., userDataDir: C:\Users\vmadmin\AppData\Lo...}, goog:chromeOptions: {debuggerAddress: localhost:52094}, javascriptEnabled: true, networkConnectionEnabled: false, pageLoadStrategy: normal, platform: WINDOWS, platformName: WINDOWS, proxy: Proxy(), setWindowRect: true, strictFileInteractability: false, timeouts: {implicit: 0, pageLoad: 300000, script: 30000}, unhandledPromptBehavior: dismiss and notify, webauthn:extension:credBlob: true, webauthn:extension:largeBlob: true, webauthn:virtualAuthenticators: true}
Session ID: c6181b26f85511c5bda9a6e01ce415a3
*** Element info: {Using=xpath, value=//div[@id=&apos;dealInvestor&apos;]//div/dl/dd/a}
	at org.openqa.selenium.remote.http.W3CHttpResponseCodec.createException(W3CHttpResponseCodec.java:187)
	at org.openqa.selenium.remote.http.W3CHttpResponseCodec.decode(W3CHttpResponseCodec.java:122)
	at org.openqa.selenium.remote.http.W3CHttpResponseCodec.decode(W3CHttpResponseCodec.java:49)
	at org.openqa.selenium.remote.HttpCommandExecutor.execute(HttpCommandExecutor.java:158)
	at org.openqa.selenium.remote.service.DriverCommandExecutor.execute(DriverCommandExecutor.java:83)
	at org.openqa.selenium.remote.RemoteWebDriver.execute(RemoteWebDriver.java:552)
	at org.openqa.selenium.remote.RemoteWebDriver.findElement(RemoteWebDriver.java:323)
	at org.openqa.selenium.remote.RemoteWebDriver.findElementByXPath(RemoteWebDriver.java:428)
	at org.openqa.selenium.By$ByXPath.findElement(By.java:353)
	at org.openqa.selenium.remote.RemoteWebDriver.findElement(RemoteWebDriver.java:315)
	at src.com.pack.common.pageobjects.AInvestonDealPage.investorLink(AInvestonDealPage.java:251)
	at src.com.pack.common.tests.AInvestonDealTest.cverifyAmountInvestor(AInvestonDealTest.java:58)
	at java.base/java.util.ArrayList.forEach(ArrayList.java:1511)
... Removed 33 stack frames
</div> <!-- stack-trace -->
                  <em>
(Check Balance in Investor)                  </em>
                </div> <!-- method-content -->
              </div> <!-- method -->
              <div class="method">
                <div class="method-content">
                  <a name="dDeleteInvestment">
                  </a> <!-- dDeleteInvestment -->
                  <span class="method-name">dDeleteInvestment</span>
                  <div class="stack-trace">java.lang.IllegalArgumentException: bound must be positive
	at java.base/java.util.Random.nextInt(Random.java:388)
	at src.com.pack.base.CommonFunction.getRandomValue(CommonFunction.java:25)
	at src.com.pack.common.pageobjects.AInvestonDealPage.DeleteInvestement(AInvestonDealPage.java:100)
	at src.com.pack.common.tests.AInvestonDealTest.dDeleteInvestment(AInvestonDealTest.java:64)
	at java.base/java.util.ArrayList.forEach(ArrayList.java:1511)
... Removed 28 stack frames
</div> <!-- stack-trace -->
                  <em>
(Delete Investment of Investor)                  </em>
                </div> <!-- method-content -->
              </div> <!-- method -->
            </div> <!-- main-panel-content rounded-window-bottom -->
          </div> <!-- suite-General_Website_Test-class-failed -->
          <div class="suite-General_Website_Test-class-failed">
            <div class="main-panel-header rounded-window-top">
              <img src="failed.png"/>
              <span class="class-name">src.com.pack.common.tests.IconPageTest</span>
            </div> <!-- main-panel-header rounded-window-top -->
            <div class="main-panel-content rounded-window-bottom">
              <div class="method">
                <div class="method-content">
                  <a name="MyProfileDetails">
                  </a> <!-- MyProfileDetails -->
                  <span class="method-name">MyProfileDetails</span>
                  <div class="stack-trace">org.openqa.selenium.NoSuchElementException: no such element: Unable to locate element: {&quot;method&quot;:&quot;xpath&quot;,&quot;selector&quot;:&quot;//a[@href=&apos;/MyDetails&apos;]&quot;}
  (Session info: chrome=93.0.4577.63)
For documentation on this error, please visit: https://www.seleniumhq.org/exceptions/no_such_element.html
Build info: version: &apos;3.141.59&apos;, revision: &apos;e82be7d358&apos;, time: &apos;2018-11-14T08:25:53&apos;
System info: host: &apos;AgentVM&apos;, ip: &apos;10.0.0.4&apos;, os.name: &apos;Windows Server 2016&apos;, os.arch: &apos;amd64&apos;, os.version: &apos;10.0&apos;, java.version: &apos;16.0.2&apos;
Driver info: org.openqa.selenium.chrome.ChromeDriver
Capabilities {acceptInsecureCerts: false, browserName: chrome, browserVersion: 93.0.4577.63, chrome: {chromedriverVersion: 92.0.4515.107 (87a818b10553..., userDataDir: C:\Users\vmadmin\AppData\Lo...}, goog:chromeOptions: {debuggerAddress: localhost:64293}, javascriptEnabled: true, networkConnectionEnabled: false, pageLoadStrategy: normal, platform: WINDOWS, platformName: WINDOWS, proxy: Proxy(), setWindowRect: true, strictFileInteractability: false, timeouts: {implicit: 0, pageLoad: 300000, script: 30000}, unhandledPromptBehavior: dismiss and notify, webauthn:extension:credBlob: true, webauthn:extension:largeBlob: true, webauthn:virtualAuthenticators: true}
Session ID: 19b2b0546c8ee6c3d3aa5a3f35c7a7cd
*** Element info: {Using=xpath, value=//a[@href=&apos;/MyDetails&apos;]}
	at org.openqa.selenium.remote.http.W3CHttpResponseCodec.createException(W3CHttpResponseCodec.java:187)
	at org.openqa.selenium.remote.http.W3CHttpResponseCodec.decode(W3CHttpResponseCodec.java:122)
	at org.openqa.selenium.remote.http.W3CHttpResponseCodec.decode(W3CHttpResponseCodec.java:49)
	at org.openqa.selenium.remote.HttpCommandExecutor.execute(HttpCommandExecutor.java:158)
	at org.openqa.selenium.remote.service.DriverCommandExecutor.execute(DriverCommandExecutor.java:83)
	at org.openqa.selenium.remote.RemoteWebDriver.execute(RemoteWebDriver.java:552)
	at org.openqa.selenium.remote.RemoteWebDriver.findElement(RemoteWebDriver.java:323)
	at org.openqa.selenium.remote.RemoteWebDriver.findElementByXPath(RemoteWebDriver.java:428)
	at org.openqa.selenium.By$ByXPath.findElement(By.java:353)
	at org.openqa.selenium.remote.RemoteWebDriver.findElement(RemoteWebDriver.java:315)
	at org.openqa.selenium.support.pagefactory.DefaultElementLocator.findElement(DefaultElementLocator.java:69)
	at org.openqa.selenium.support.pagefactory.internal.LocatingElementHandler.invoke(LocatingElementHandler.java:38)
	at jdk.proxy2/jdk.proxy2.$Proxy14.click(Unknown Source)
	at src.com.pack.common.pageobjects.IconPage.MyDetailslink(IconPage.java:92)
	at src.com.pack.common.tests.IconPageTest.MyProfileDetails(IconPageTest.java:52)
	at java.base/java.util.ArrayList.forEach(ArrayList.java:1511)
... Removed 32 stack frames
</div> <!-- stack-trace -->
                  <em>
(Check My details and Edit Details)                  </em>
                </div> <!-- method-content -->
              </div> <!-- method -->
              <div class="method">
                <div class="method-content">
                  <a name="NotificationSet">
                  </a> <!-- NotificationSet -->
                  <span class="method-name">NotificationSet</span>
                  <div class="stack-trace">org.openqa.selenium.NoSuchElementException: no such element: Unable to locate element: {&quot;method&quot;:&quot;xpath&quot;,&quot;selector&quot;:&quot;//a[@href=&apos;/Notifications&apos;]&quot;}
  (Session info: chrome=93.0.4577.63)
For documentation on this error, please visit: https://www.seleniumhq.org/exceptions/no_such_element.html
Build info: version: &apos;3.141.59&apos;, revision: &apos;e82be7d358&apos;, time: &apos;2018-11-14T08:25:53&apos;
System info: host: &apos;AgentVM&apos;, ip: &apos;10.0.0.4&apos;, os.name: &apos;Windows Server 2016&apos;, os.arch: &apos;amd64&apos;, os.version: &apos;10.0&apos;, java.version: &apos;16.0.2&apos;
Driver info: org.openqa.selenium.chrome.ChromeDriver
Capabilities {acceptInsecureCerts: false, browserName: chrome, browserVersion: 93.0.4577.63, chrome: {chromedriverVersion: 92.0.4515.107 (87a818b10553..., userDataDir: C:\Users\vmadmin\AppData\Lo...}, goog:chromeOptions: {debuggerAddress: localhost:64293}, javascriptEnabled: true, networkConnectionEnabled: false, pageLoadStrategy: normal, platform: WINDOWS, platformName: WINDOWS, proxy: Proxy(), setWindowRect: true, strictFileInteractability: false, timeouts: {implicit: 0, pageLoad: 300000, script: 30000}, unhandledPromptBehavior: dismiss and notify, webauthn:extension:credBlob: true, webauthn:extension:largeBlob: true, webauthn:virtualAuthenticators: true}
Session ID: 19b2b0546c8ee6c3d3aa5a3f35c7a7cd
*** Element info: {Using=xpath, value=//a[@href=&apos;/Notifications&apos;]}
	at org.openqa.selenium.remote.http.W3CHttpResponseCodec.createException(W3CHttpResponseCodec.java:187)
	at org.openqa.selenium.remote.http.W3CHttpResponseCodec.decode(W3CHttpResponseCodec.java:122)
	at org.openqa.selenium.remote.http.W3CHttpResponseCodec.decode(W3CHttpResponseCodec.java:49)
	at org.openqa.selenium.remote.HttpCommandExecutor.execute(HttpCommandExecutor.java:158)
	at org.openqa.selenium.remote.service.DriverCommandExecutor.execute(DriverCommandExecutor.java:83)
	at org.openqa.selenium.remote.RemoteWebDriver.execute(RemoteWebDriver.java:552)
	at org.openqa.selenium.remote.RemoteWebDriver.findElement(RemoteWebDriver.java:323)
	at org.openqa.selenium.remote.RemoteWebDriver.findElementByXPath(RemoteWebDriver.java:428)
	at org.openqa.selenium.By$ByXPath.findElement(By.java:353)
	at org.openqa.selenium.remote.RemoteWebDriver.findElement(RemoteWebDriver.java:315)
	at org.openqa.selenium.support.pagefactory.DefaultElementLocator.findElement(DefaultElementLocator.java:69)
	at org.openqa.selenium.support.pagefactory.internal.LocatingElementHandler.invoke(LocatingElementHandler.java:38)
	at jdk.proxy2/jdk.proxy2.$Proxy14.click(Unknown Source)
	at src.com.pack.common.pageobjects.IconPage.Notificationlink(IconPage.java:64)
	at src.com.pack.common.tests.IconPageTest.NotificationSet(IconPageTest.java:44)
	at java.base/java.util.ArrayList.forEach(ArrayList.java:1511)
... Removed 33 stack frames
</div> <!-- stack-trace -->
                  <em>
(Check notification and Set Prefrences)                  </em>
                </div> <!-- method-content -->
              </div> <!-- method -->
            </div> <!-- main-panel-content rounded-window-bottom -->
          </div> <!-- suite-General_Website_Test-class-failed -->
          <div class="suite-General_Website_Test-class-failed">
            <div class="main-panel-header rounded-window-top">
              <img src="failed.png"/>
              <span class="class-name">src.com.pack.common.tests.RegistrationTest</span>
            </div> <!-- main-panel-header rounded-window-top -->
            <div class="main-panel-content rounded-window-bottom">
              <div class="method">
                <div class="method-content">
                  <a name="selfAccredition">
                  </a> <!-- selfAccredition -->
                  <span class="method-name">selfAccredition</span>
                  <div class="stack-trace">java.lang.IllegalArgumentException: bound must be positive
	at java.base/java.util.Random.nextInt(Random.java:388)
	at src.com.pack.base.CommonFunction.getRandomValueIncludingZero(CommonFunction.java:34)
	at src.com.pack.common.pageobjects.SelfAccreditationPage.AccreditionOption(SelfAccreditationPage.java:31)
	at src.com.pack.common.tests.RegistrationTest.selfAccredition(RegistrationTest.java:56)
	at java.base/java.util.ArrayList.forEach(ArrayList.java:1511)
... Removed 28 stack frames
</div> <!-- stack-trace -->
                  <em>
(Select Self Accreditation Option)                  </em>
                </div> <!-- method-content -->
              </div> <!-- method -->
            </div> <!-- main-panel-content rounded-window-bottom -->
          </div> <!-- suite-General_Website_Test-class-failed -->
          <div class="suite-General_Website_Test-class-failed">
            <div class="main-panel-header rounded-window-top">
              <img src="failed.png"/>
              <span class="class-name">src.com.pack.common.tests.ADeletePageTest</span>
            </div> <!-- main-panel-header rounded-window-top -->
            <div class="main-panel-content rounded-window-bottom">
              <div class="method">
                <div class="method-content">
                  <a name="adeleteInvestorImage">
                  </a> <!-- adeleteInvestorImage -->
                  <span class="method-name">adeleteInvestorImage</span>
                  <div class="stack-trace">org.openqa.selenium.NoSuchElementException: no such element: Unable to locate element: {&quot;method&quot;:&quot;xpath&quot;,&quot;selector&quot;:&quot;//table[@id=&apos;dealinvestor-table&apos;]/tbody/tr/td/a&quot;}
  (Session info: chrome=93.0.4577.63)
For documentation on this error, please visit: https://www.seleniumhq.org/exceptions/no_such_element.html
Build info: version: &apos;3.141.59&apos;, revision: &apos;e82be7d358&apos;, time: &apos;2018-11-14T08:25:53&apos;
System info: host: &apos;AgentVM&apos;, ip: &apos;10.0.0.4&apos;, os.name: &apos;Windows Server 2016&apos;, os.arch: &apos;amd64&apos;, os.version: &apos;10.0&apos;, java.version: &apos;16.0.2&apos;
Driver info: org.openqa.selenium.chrome.ChromeDriver
Capabilities {acceptInsecureCerts: false, browserName: chrome, browserVersion: 93.0.4577.63, chrome: {chromedriverVersion: 92.0.4515.107 (87a818b10553..., userDataDir: C:\Users\vmadmin\AppData\Lo...}, goog:chromeOptions: {debuggerAddress: localhost:62870}, javascriptEnabled: true, networkConnectionEnabled: false, pageLoadStrategy: normal, platform: WINDOWS, platformName: WINDOWS, proxy: Proxy(), setWindowRect: true, strictFileInteractability: false, timeouts: {implicit: 0, pageLoad: 300000, script: 30000}, unhandledPromptBehavior: dismiss and notify, webauthn:extension:credBlob: true, webauthn:extension:largeBlob: true, webauthn:virtualAuthenticators: true}
Session ID: a72166755ed7e81702b0861ddfd4d94a
*** Element info: {Using=xpath, value=//table[@id=&apos;dealinvestor-table&apos;]/tbody/tr/td/a}
	at org.openqa.selenium.remote.http.W3CHttpResponseCodec.createException(W3CHttpResponseCodec.java:187)
	at org.openqa.selenium.remote.http.W3CHttpResponseCodec.decode(W3CHttpResponseCodec.java:122)
	at org.openqa.selenium.remote.http.W3CHttpResponseCodec.decode(W3CHttpResponseCodec.java:49)
	at org.openqa.selenium.remote.HttpCommandExecutor.execute(HttpCommandExecutor.java:158)
	at org.openqa.selenium.remote.service.DriverCommandExecutor.execute(DriverCommandExecutor.java:83)
	at org.openqa.selenium.remote.RemoteWebDriver.execute(RemoteWebDriver.java:552)
	at org.openqa.selenium.remote.RemoteWebDriver.findElement(RemoteWebDriver.java:323)
	at org.openqa.selenium.remote.RemoteWebDriver.findElementByXPath(RemoteWebDriver.java:428)
	at org.openqa.selenium.By$ByXPath.findElement(By.java:353)
	at org.openqa.selenium.remote.RemoteWebDriver.findElement(RemoteWebDriver.java:315)
	at src.com.pack.common.pageobjects.ADealInvestorPage.OpenInvestorDetail(ADealInvestorPage.java:148)
	at src.com.pack.common.pageobjects.ADealInvestorPage.OpenInvestor(ADealInvestorPage.java:65)
	at src.com.pack.common.tests.ADeletePageTest.adeleteInvestorImage(ADeletePageTest.java:45)
	at java.base/java.util.ArrayList.forEach(ArrayList.java:1511)
... Removed 33 stack frames
</div> <!-- stack-trace -->
                  <em>
(Delete Document of Investor)                  </em>
                </div> <!-- method-content -->
              </div> <!-- method -->
              <div class="method">
                <div class="method-content">
                  <a name="bdeleteDeal">
                  </a> <!-- bdeleteDeal -->
                  <span class="method-name">bdeleteDeal</span>
                  <div class="stack-trace">org.openqa.selenium.NoSuchElementException: no such element: Unable to locate element: {&quot;method&quot;:&quot;xpath&quot;,&quot;selector&quot;:&quot;//table[@id=&apos;deal-table&apos;]/tbody/tr/td/a&quot;}
  (Session info: chrome=93.0.4577.63)
For documentation on this error, please visit: https://www.seleniumhq.org/exceptions/no_such_element.html
Build info: version: &apos;3.141.59&apos;, revision: &apos;e82be7d358&apos;, time: &apos;2018-11-14T08:25:53&apos;
System info: host: &apos;AgentVM&apos;, ip: &apos;10.0.0.4&apos;, os.name: &apos;Windows Server 2016&apos;, os.arch: &apos;amd64&apos;, os.version: &apos;10.0&apos;, java.version: &apos;16.0.2&apos;
Driver info: org.openqa.selenium.chrome.ChromeDriver
Capabilities {acceptInsecureCerts: false, browserName: chrome, browserVersion: 93.0.4577.63, chrome: {chromedriverVersion: 92.0.4515.107 (87a818b10553..., userDataDir: C:\Users\vmadmin\AppData\Lo...}, goog:chromeOptions: {debuggerAddress: localhost:62870}, javascriptEnabled: true, networkConnectionEnabled: false, pageLoadStrategy: normal, platform: WINDOWS, platformName: WINDOWS, proxy: Proxy(), setWindowRect: true, strictFileInteractability: false, timeouts: {implicit: 0, pageLoad: 300000, script: 30000}, unhandledPromptBehavior: dismiss and notify, webauthn:extension:credBlob: true, webauthn:extension:largeBlob: true, webauthn:virtualAuthenticators: true}
Session ID: a72166755ed7e81702b0861ddfd4d94a
*** Element info: {Using=xpath, value=//table[@id=&apos;deal-table&apos;]/tbody/tr/td/a}
	at org.openqa.selenium.remote.http.W3CHttpResponseCodec.createException(W3CHttpResponseCodec.java:187)
	at org.openqa.selenium.remote.http.W3CHttpResponseCodec.decode(W3CHttpResponseCodec.java:122)
	at org.openqa.selenium.remote.http.W3CHttpResponseCodec.decode(W3CHttpResponseCodec.java:49)
	at org.openqa.selenium.remote.HttpCommandExecutor.execute(HttpCommandExecutor.java:158)
	at org.openqa.selenium.remote.service.DriverCommandExecutor.execute(DriverCommandExecutor.java:83)
	at org.openqa.selenium.remote.RemoteWebDriver.execute(RemoteWebDriver.java:552)
	at org.openqa.selenium.remote.RemoteWebDriver.findElement(RemoteWebDriver.java:323)
	at org.openqa.selenium.remote.RemoteWebDriver.findElementByXPath(RemoteWebDriver.java:428)
	at org.openqa.selenium.By$ByXPath.findElement(By.java:353)
	at org.openqa.selenium.remote.RemoteWebDriver.findElement(RemoteWebDriver.java:315)
	at src.com.pack.common.pageobjects.ADeletePage.deleteDeal(ADeletePage.java:50)
	at src.com.pack.common.tests.ADeletePageTest.bdeleteDeal(ADeletePageTest.java:51)
	at java.base/java.util.ArrayList.forEach(ArrayList.java:1511)
... Removed 33 stack frames
</div> <!-- stack-trace -->
                  <em>
(Delete a Deal)                  </em>
                </div> <!-- method-content -->
              </div> <!-- method -->
            </div> <!-- main-panel-content rounded-window-bottom -->
          </div> <!-- suite-General_Website_Test-class-failed -->
          <div class="suite-General_Website_Test-class-failed">
            <div class="main-panel-header rounded-window-top">
              <img src="failed.png"/>
              <span class="class-name">src.com.pack.common.tests.SignUpTest</span>
            </div> <!-- main-panel-header rounded-window-top -->
            <div class="main-panel-content rounded-window-bottom">
              <div class="method">
                <div class="method-content">
                  <a name="Signup">
                  </a> <!-- Signup -->
                  <span class="method-name">Signup</span>
                  <div class="stack-trace">org.openqa.selenium.NoSuchElementException: no such element: Unable to locate element: {&quot;method&quot;:&quot;xpath&quot;,&quot;selector&quot;:&quot;//input[@id=&apos;customCheckTerms&apos;]&quot;}
  (Session info: chrome=93.0.4577.63)
For documentation on this error, please visit: https://www.seleniumhq.org/exceptions/no_such_element.html
Build info: version: &apos;3.141.59&apos;, revision: &apos;e82be7d358&apos;, time: &apos;2018-11-14T08:25:53&apos;
System info: host: &apos;AgentVM&apos;, ip: &apos;10.0.0.4&apos;, os.name: &apos;Windows Server 2016&apos;, os.arch: &apos;amd64&apos;, os.version: &apos;10.0&apos;, java.version: &apos;16.0.2&apos;
Driver info: org.openqa.selenium.chrome.ChromeDriver
Capabilities {acceptInsecureCerts: false, browserName: chrome, browserVersion: 93.0.4577.63, chrome: {chromedriverVersion: 92.0.4515.107 (87a818b10553..., userDataDir: C:\Users\vmadmin\AppData\Lo...}, goog:chromeOptions: {debuggerAddress: localhost:52364}, javascriptEnabled: true, networkConnectionEnabled: false, pageLoadStrategy: normal, platform: WINDOWS, platformName: WINDOWS, proxy: Proxy(), setWindowRect: true, strictFileInteractability: false, timeouts: {implicit: 0, pageLoad: 300000, script: 30000}, unhandledPromptBehavior: dismiss and notify, webauthn:extension:credBlob: true, webauthn:extension:largeBlob: true, webauthn:virtualAuthenticators: true}
Session ID: a4db8da21b01e753755fd3dcb720dbe6
*** Element info: {Using=xpath, value=//input[@id=&apos;customCheckTerms&apos;]}
	at org.openqa.selenium.remote.http.W3CHttpResponseCodec.createException(W3CHttpResponseCodec.java:187)
	at org.openqa.selenium.remote.http.W3CHttpResponseCodec.decode(W3CHttpResponseCodec.java:122)
	at org.openqa.selenium.remote.http.W3CHttpResponseCodec.decode(W3CHttpResponseCodec.java:49)
	at org.openqa.selenium.remote.HttpCommandExecutor.execute(HttpCommandExecutor.java:158)
	at org.openqa.selenium.remote.service.DriverCommandExecutor.execute(DriverCommandExecutor.java:83)
	at org.openqa.selenium.remote.RemoteWebDriver.execute(RemoteWebDriver.java:552)
	at org.openqa.selenium.remote.RemoteWebDriver.findElement(RemoteWebDriver.java:323)
	at org.openqa.selenium.remote.RemoteWebDriver.findElementByXPath(RemoteWebDriver.java:428)
	at org.openqa.selenium.By$ByXPath.findElement(By.java:353)
	at org.openqa.selenium.remote.RemoteWebDriver.findElement(RemoteWebDriver.java:315)
	at org.openqa.selenium.support.pagefactory.DefaultElementLocator.findElement(DefaultElementLocator.java:69)
	at org.openqa.selenium.support.pagefactory.internal.LocatingElementHandler.invoke(LocatingElementHandler.java:38)
	at jdk.proxy2/jdk.proxy2.$Proxy14.click(Unknown Source)
	at src.com.pack.common.pageobjects.SignUpPage.Terms(SignUpPage.java:66)
	at src.com.pack.common.tests.SignUpTest.Signup(SignUpTest.java:61)
	at java.base/java.util.ArrayList.forEach(ArrayList.java:1511)
... Removed 33 stack frames
</div> <!-- stack-trace -->
                  <em>
(Signup to iHuddle)                  </em>
                </div> <!-- method-content -->
              </div> <!-- method -->
              <div class="method">
                <div class="method-content">
                  <a name="VerifyEmail">
                  </a> <!-- VerifyEmail -->
                  <span class="method-name">VerifyEmail</span>
                  <div class="stack-trace">org.openqa.selenium.NoSuchElementException: no such element: Unable to locate element: {&quot;method&quot;:&quot;xpath&quot;,&quot;selector&quot;:&quot;//a[text()=&apos;Verify Email&apos;]&quot;}
  (Session info: chrome=93.0.4577.63)
For documentation on this error, please visit: https://www.seleniumhq.org/exceptions/no_such_element.html
Build info: version: &apos;3.141.59&apos;, revision: &apos;e82be7d358&apos;, time: &apos;2018-11-14T08:25:53&apos;
System info: host: &apos;AgentVM&apos;, ip: &apos;10.0.0.4&apos;, os.name: &apos;Windows Server 2016&apos;, os.arch: &apos;amd64&apos;, os.version: &apos;10.0&apos;, java.version: &apos;16.0.2&apos;
Driver info: org.openqa.selenium.chrome.ChromeDriver
Capabilities {acceptInsecureCerts: false, browserName: chrome, browserVersion: 93.0.4577.63, chrome: {chromedriverVersion: 92.0.4515.107 (87a818b10553..., userDataDir: C:\Users\vmadmin\AppData\Lo...}, goog:chromeOptions: {debuggerAddress: localhost:52364}, javascriptEnabled: true, networkConnectionEnabled: false, pageLoadStrategy: normal, platform: WINDOWS, platformName: WINDOWS, proxy: Proxy(), setWindowRect: true, strictFileInteractability: false, timeouts: {implicit: 0, pageLoad: 300000, script: 30000}, unhandledPromptBehavior: dismiss and notify, webauthn:extension:credBlob: true, webauthn:extension:largeBlob: true, webauthn:virtualAuthenticators: true}
Session ID: a4db8da21b01e753755fd3dcb720dbe6
*** Element info: {Using=xpath, value=//a[text()=&apos;Verify Email&apos;]}
	at org.openqa.selenium.remote.http.W3CHttpResponseCodec.createException(W3CHttpResponseCodec.java:187)
	at org.openqa.selenium.remote.http.W3CHttpResponseCodec.decode(W3CHttpResponseCodec.java:122)
	at org.openqa.selenium.remote.http.W3CHttpResponseCodec.decode(W3CHttpResponseCodec.java:49)
	at org.openqa.selenium.remote.HttpCommandExecutor.execute(HttpCommandExecutor.java:158)
	at org.openqa.selenium.remote.service.DriverCommandExecutor.execute(DriverCommandExecutor.java:83)
	at org.openqa.selenium.remote.RemoteWebDriver.execute(RemoteWebDriver.java:552)
	at org.openqa.selenium.remote.RemoteWebDriver.findElement(RemoteWebDriver.java:323)
	at org.openqa.selenium.remote.RemoteWebDriver.findElementByXPath(RemoteWebDriver.java:428)
	at org.openqa.selenium.By$ByXPath.findElement(By.java:353)
	at org.openqa.selenium.remote.RemoteWebDriver.findElement(RemoteWebDriver.java:315)
	at org.openqa.selenium.support.pagefactory.DefaultElementLocator.findElement(DefaultElementLocator.java:69)
	at org.openqa.selenium.support.pagefactory.internal.LocatingElementHandler.invoke(LocatingElementHandler.java:38)
	at jdk.proxy2/jdk.proxy2.$Proxy14.getAttribute(Unknown Source)
	at src.com.pack.common.pageobjects.EmailCheckPage.clickRegister(EmailCheckPage.java:106)
	at src.com.pack.common.tests.SignUpTest.VerifyEmail(SignUpTest.java:78)
	at java.base/java.util.ArrayList.forEach(ArrayList.java:1511)
... Removed 33 stack frames
</div> <!-- stack-trace -->
                  <em>
(Verify Signup Email)                  </em>
                </div> <!-- method-content -->
              </div> <!-- method -->
              <div class="method">
                <div class="method-content">
                  <a name="verifyuserinAdmin">
                  </a> <!-- verifyuserinAdmin -->
                  <span class="method-name">verifyuserinAdmin</span>
                  <div class="stack-trace">org.openqa.selenium.NoSuchElementException: no such element: Unable to locate element: {&quot;method&quot;:&quot;xpath&quot;,&quot;selector&quot;:&quot;//table[@id=&apos;dealinvestor-table&apos;]/tbody/tr/td/a&quot;}
  (Session info: chrome=93.0.4577.63)
For documentation on this error, please visit: https://www.seleniumhq.org/exceptions/no_such_element.html
Build info: version: &apos;3.141.59&apos;, revision: &apos;e82be7d358&apos;, time: &apos;2018-11-14T08:25:53&apos;
System info: host: &apos;AgentVM&apos;, ip: &apos;10.0.0.4&apos;, os.name: &apos;Windows Server 2016&apos;, os.arch: &apos;amd64&apos;, os.version: &apos;10.0&apos;, java.version: &apos;16.0.2&apos;
Driver info: org.openqa.selenium.chrome.ChromeDriver
Capabilities {acceptInsecureCerts: false, browserName: chrome, browserVersion: 93.0.4577.63, chrome: {chromedriverVersion: 92.0.4515.107 (87a818b10553..., userDataDir: C:\Users\vmadmin\AppData\Lo...}, goog:chromeOptions: {debuggerAddress: localhost:52364}, javascriptEnabled: true, networkConnectionEnabled: false, pageLoadStrategy: normal, platform: WINDOWS, platformName: WINDOWS, proxy: Proxy(), setWindowRect: true, strictFileInteractability: false, timeouts: {implicit: 0, pageLoad: 300000, script: 30000}, unhandledPromptBehavior: dismiss and notify, webauthn:extension:credBlob: true, webauthn:extension:largeBlob: true, webauthn:virtualAuthenticators: true}
Session ID: a4db8da21b01e753755fd3dcb720dbe6
*** Element info: {Using=xpath, value=//table[@id=&apos;dealinvestor-table&apos;]/tbody/tr/td/a}
	at org.openqa.selenium.remote.http.W3CHttpResponseCodec.createException(W3CHttpResponseCodec.java:187)
	at org.openqa.selenium.remote.http.W3CHttpResponseCodec.decode(W3CHttpResponseCodec.java:122)
	at org.openqa.selenium.remote.http.W3CHttpResponseCodec.decode(W3CHttpResponseCodec.java:49)
	at org.openqa.selenium.remote.HttpCommandExecutor.execute(HttpCommandExecutor.java:158)
	at org.openqa.selenium.remote.service.DriverCommandExecutor.execute(DriverCommandExecutor.java:83)
	at org.openqa.selenium.remote.RemoteWebDriver.execute(RemoteWebDriver.java:552)
	at org.openqa.selenium.remote.RemoteWebDriver.findElement(RemoteWebDriver.java:323)
	at org.openqa.selenium.remote.RemoteWebDriver.findElementByXPath(RemoteWebDriver.java:428)
	at org.openqa.selenium.By$ByXPath.findElement(By.java:353)
	at org.openqa.selenium.remote.RemoteWebDriver.findElement(RemoteWebDriver.java:315)
	at src.com.pack.common.pageobjects.ADealInvestorPage.OpenInvestorDetail(ADealInvestorPage.java:148)
	at src.com.pack.common.pageobjects.ADealInvestorPage.OpenInvestor(ADealInvestorPage.java:65)
	at src.com.pack.common.tests.SignUpTest.verifyuserinAdmin(SignUpTest.java:68)
	at java.base/java.util.ArrayList.forEach(ArrayList.java:1511)
... Removed 33 stack frames
</div> <!-- stack-trace -->
                  <em>
(Verify Signup User in Admin)                  </em>
                </div> <!-- method-content -->
              </div> <!-- method -->
            </div> <!-- main-panel-content rounded-window-bottom -->
          </div> <!-- suite-General_Website_Test-class-failed -->
          <div class="suite-General_Website_Test-class-failed">
            <div class="main-panel-header rounded-window-top">
              <img src="failed.png"/>
              <span class="class-name">src.com.pack.common.tests.ADealInvestorPageTest</span>
            </div> <!-- main-panel-header rounded-window-top -->
            <div class="main-panel-content rounded-window-bottom">
              <div class="method">
                <div class="method-content">
                  <a name="AddDepositAmount">
                  </a> <!-- AddDepositAmount -->
                  <span class="method-name">AddDepositAmount</span>
                  <div class="stack-trace">org.openqa.selenium.NoSuchElementException: no such element: Unable to locate element: {&quot;method&quot;:&quot;xpath&quot;,&quot;selector&quot;:&quot;//table[@id=&apos;dealinvestor-table&apos;]/tbody/tr/td/a&quot;}
  (Session info: chrome=93.0.4577.63)
For documentation on this error, please visit: https://www.seleniumhq.org/exceptions/no_such_element.html
Build info: version: &apos;3.141.59&apos;, revision: &apos;e82be7d358&apos;, time: &apos;2018-11-14T08:25:53&apos;
System info: host: &apos;AgentVM&apos;, ip: &apos;10.0.0.4&apos;, os.name: &apos;Windows Server 2016&apos;, os.arch: &apos;amd64&apos;, os.version: &apos;10.0&apos;, java.version: &apos;16.0.2&apos;
Driver info: org.openqa.selenium.chrome.ChromeDriver
Capabilities {acceptInsecureCerts: false, browserName: chrome, browserVersion: 93.0.4577.63, chrome: {chromedriverVersion: 92.0.4515.107 (87a818b10553..., userDataDir: C:\Users\vmadmin\AppData\Lo...}, goog:chromeOptions: {debuggerAddress: localhost:54119}, javascriptEnabled: true, networkConnectionEnabled: false, pageLoadStrategy: normal, platform: WINDOWS, platformName: WINDOWS, proxy: Proxy(), setWindowRect: true, strictFileInteractability: false, timeouts: {implicit: 0, pageLoad: 300000, script: 30000}, unhandledPromptBehavior: dismiss and notify, webauthn:extension:credBlob: true, webauthn:extension:largeBlob: true, webauthn:virtualAuthenticators: true}
Session ID: cc57f85bd5f2304e3b53bc7061aeb546
*** Element info: {Using=xpath, value=//table[@id=&apos;dealinvestor-table&apos;]/tbody/tr/td/a}
	at org.openqa.selenium.remote.http.W3CHttpResponseCodec.createException(W3CHttpResponseCodec.java:187)
	at org.openqa.selenium.remote.http.W3CHttpResponseCodec.decode(W3CHttpResponseCodec.java:122)
	at org.openqa.selenium.remote.http.W3CHttpResponseCodec.decode(W3CHttpResponseCodec.java:49)
	at org.openqa.selenium.remote.HttpCommandExecutor.execute(HttpCommandExecutor.java:158)
	at org.openqa.selenium.remote.service.DriverCommandExecutor.execute(DriverCommandExecutor.java:83)
	at org.openqa.selenium.remote.RemoteWebDriver.execute(RemoteWebDriver.java:552)
	at org.openqa.selenium.remote.RemoteWebDriver.findElement(RemoteWebDriver.java:323)
	at org.openqa.selenium.remote.RemoteWebDriver.findElementByXPath(RemoteWebDriver.java:428)
	at org.openqa.selenium.By$ByXPath.findElement(By.java:353)
	at org.openqa.selenium.remote.RemoteWebDriver.findElement(RemoteWebDriver.java:315)
	at src.com.pack.common.pageobjects.ADealInvestorPage.OpenInvestorDetail(ADealInvestorPage.java:148)
	at src.com.pack.common.pageobjects.ADealInvestorPage.OpenInvestor(ADealInvestorPage.java:65)
	at src.com.pack.common.tests.ADealInvestorPageTest.AddDepositAmount(ADealInvestorPageTest.java:81)
	at java.base/java.util.ArrayList.forEach(ArrayList.java:1511)
... Removed 33 stack frames
</div> <!-- stack-trace -->
                  <em>
(Add Depost)                  </em>
                </div> <!-- method-content -->
              </div> <!-- method -->
              <div class="method">
                <div class="method-content">
                  <a name="UploadUserDocuments">
                  </a> <!-- UploadUserDocuments -->
                  <span class="method-name">UploadUserDocuments</span>
                  <div class="stack-trace">org.openqa.selenium.NoSuchElementException: no such element: Unable to locate element: {&quot;method&quot;:&quot;xpath&quot;,&quot;selector&quot;:&quot;//table[@id=&apos;dealinvestor-table&apos;]/tbody/tr/td/a&quot;}
  (Session info: chrome=93.0.4577.63)
For documentation on this error, please visit: https://www.seleniumhq.org/exceptions/no_such_element.html
Build info: version: &apos;3.141.59&apos;, revision: &apos;e82be7d358&apos;, time: &apos;2018-11-14T08:25:53&apos;
System info: host: &apos;AgentVM&apos;, ip: &apos;10.0.0.4&apos;, os.name: &apos;Windows Server 2016&apos;, os.arch: &apos;amd64&apos;, os.version: &apos;10.0&apos;, java.version: &apos;16.0.2&apos;
Driver info: org.openqa.selenium.chrome.ChromeDriver
Capabilities {acceptInsecureCerts: false, browserName: chrome, browserVersion: 93.0.4577.63, chrome: {chromedriverVersion: 92.0.4515.107 (87a818b10553..., userDataDir: C:\Users\vmadmin\AppData\Lo...}, goog:chromeOptions: {debuggerAddress: localhost:54119}, javascriptEnabled: true, networkConnectionEnabled: false, pageLoadStrategy: normal, platform: WINDOWS, platformName: WINDOWS, proxy: Proxy(), setWindowRect: true, strictFileInteractability: false, timeouts: {implicit: 0, pageLoad: 300000, script: 30000}, unhandledPromptBehavior: dismiss and notify, webauthn:extension:credBlob: true, webauthn:extension:largeBlob: true, webauthn:virtualAuthenticators: true}
Session ID: cc57f85bd5f2304e3b53bc7061aeb546
*** Element info: {Using=xpath, value=//table[@id=&apos;dealinvestor-table&apos;]/tbody/tr/td/a}
	at org.openqa.selenium.remote.http.W3CHttpResponseCodec.createException(W3CHttpResponseCodec.java:187)
	at org.openqa.selenium.remote.http.W3CHttpResponseCodec.decode(W3CHttpResponseCodec.java:122)
	at org.openqa.selenium.remote.http.W3CHttpResponseCodec.decode(W3CHttpResponseCodec.java:49)
	at org.openqa.selenium.remote.HttpCommandExecutor.execute(HttpCommandExecutor.java:158)
	at org.openqa.selenium.remote.service.DriverCommandExecutor.execute(DriverCommandExecutor.java:83)
	at org.openqa.selenium.remote.RemoteWebDriver.execute(RemoteWebDriver.java:552)
	at org.openqa.selenium.remote.RemoteWebDriver.findElement(RemoteWebDriver.java:323)
	at org.openqa.selenium.remote.RemoteWebDriver.findElementByXPath(RemoteWebDriver.java:428)
	at org.openqa.selenium.By$ByXPath.findElement(By.java:353)
	at org.openqa.selenium.remote.RemoteWebDriver.findElement(RemoteWebDriver.java:315)
	at src.com.pack.common.pageobjects.ADealInvestorPage.OpenInvestorDetail(ADealInvestorPage.java:148)
	at src.com.pack.common.pageobjects.ADealInvestorPage.OpenInvestor(ADealInvestorPage.java:65)
	at src.com.pack.common.tests.ADealInvestorPageTest.UploadUserDocuments(ADealInvestorPageTest.java:92)
	at java.base/java.util.ArrayList.forEach(ArrayList.java:1511)
... Removed 33 stack frames
</div> <!-- stack-trace -->
                  <em>
(Add user Documents)                  </em>
                </div> <!-- method-content -->
              </div> <!-- method -->
              <div class="method">
                <div class="method-content">
                  <a name="updateContactDetail">
                  </a> <!-- updateContactDetail -->
                  <span class="method-name">updateContactDetail</span>
                  <div class="stack-trace">org.openqa.selenium.NoSuchElementException: no such element: Unable to locate element: {&quot;method&quot;:&quot;xpath&quot;,&quot;selector&quot;:&quot;//table[@id=&apos;dealinvestor-table&apos;]/tbody/tr/td/a&quot;}
  (Session info: chrome=93.0.4577.63)
For documentation on this error, please visit: https://www.seleniumhq.org/exceptions/no_such_element.html
Build info: version: &apos;3.141.59&apos;, revision: &apos;e82be7d358&apos;, time: &apos;2018-11-14T08:25:53&apos;
System info: host: &apos;AgentVM&apos;, ip: &apos;10.0.0.4&apos;, os.name: &apos;Windows Server 2016&apos;, os.arch: &apos;amd64&apos;, os.version: &apos;10.0&apos;, java.version: &apos;16.0.2&apos;
Driver info: org.openqa.selenium.chrome.ChromeDriver
Capabilities {acceptInsecureCerts: false, browserName: chrome, browserVersion: 93.0.4577.63, chrome: {chromedriverVersion: 92.0.4515.107 (87a818b10553..., userDataDir: C:\Users\vmadmin\AppData\Lo...}, goog:chromeOptions: {debuggerAddress: localhost:54119}, javascriptEnabled: true, networkConnectionEnabled: false, pageLoadStrategy: normal, platform: WINDOWS, platformName: WINDOWS, proxy: Proxy(), setWindowRect: true, strictFileInteractability: false, timeouts: {implicit: 0, pageLoad: 300000, script: 30000}, unhandledPromptBehavior: dismiss and notify, webauthn:extension:credBlob: true, webauthn:extension:largeBlob: true, webauthn:virtualAuthenticators: true}
Session ID: cc57f85bd5f2304e3b53bc7061aeb546
*** Element info: {Using=xpath, value=//table[@id=&apos;dealinvestor-table&apos;]/tbody/tr/td/a}
	at org.openqa.selenium.remote.http.W3CHttpResponseCodec.createException(W3CHttpResponseCodec.java:187)
	at org.openqa.selenium.remote.http.W3CHttpResponseCodec.decode(W3CHttpResponseCodec.java:122)
	at org.openqa.selenium.remote.http.W3CHttpResponseCodec.decode(W3CHttpResponseCodec.java:49)
	at org.openqa.selenium.remote.HttpCommandExecutor.execute(HttpCommandExecutor.java:158)
	at org.openqa.selenium.remote.service.DriverCommandExecutor.execute(DriverCommandExecutor.java:83)
	at org.openqa.selenium.remote.RemoteWebDriver.execute(RemoteWebDriver.java:552)
	at org.openqa.selenium.remote.RemoteWebDriver.findElement(RemoteWebDriver.java:323)
	at org.openqa.selenium.remote.RemoteWebDriver.findElementByXPath(RemoteWebDriver.java:428)
	at org.openqa.selenium.By$ByXPath.findElement(By.java:353)
	at org.openqa.selenium.remote.RemoteWebDriver.findElement(RemoteWebDriver.java:315)
	at src.com.pack.common.pageobjects.ADealInvestorPage.OpenInvestorDetail(ADealInvestorPage.java:148)
	at src.com.pack.common.pageobjects.ADealInvestorPage.OpenInvestor(ADealInvestorPage.java:65)
	at src.com.pack.common.tests.ADealInvestorPageTest.updateContactDetail(ADealInvestorPageTest.java:57)
	at java.base/java.util.ArrayList.forEach(ArrayList.java:1511)
... Removed 33 stack frames
</div> <!-- stack-trace -->
                  <em>
(Update Investor contact Detail from Admin)                  </em>
                </div> <!-- method-content -->
              </div> <!-- method -->
              <div class="method">
                <div class="method-content">
                  <a name="updateRegistrationStatus">
                  </a> <!-- updateRegistrationStatus -->
                  <span class="method-name">updateRegistrationStatus</span>
                  <div class="stack-trace">org.openqa.selenium.NoSuchElementException: no such element: Unable to locate element: {&quot;method&quot;:&quot;xpath&quot;,&quot;selector&quot;:&quot;//table[@id=&apos;dealinvestor-table&apos;]/tbody/tr/td/a&quot;}
  (Session info: chrome=93.0.4577.63)
For documentation on this error, please visit: https://www.seleniumhq.org/exceptions/no_such_element.html
Build info: version: &apos;3.141.59&apos;, revision: &apos;e82be7d358&apos;, time: &apos;2018-11-14T08:25:53&apos;
System info: host: &apos;AgentVM&apos;, ip: &apos;10.0.0.4&apos;, os.name: &apos;Windows Server 2016&apos;, os.arch: &apos;amd64&apos;, os.version: &apos;10.0&apos;, java.version: &apos;16.0.2&apos;
Driver info: org.openqa.selenium.chrome.ChromeDriver
Capabilities {acceptInsecureCerts: false, browserName: chrome, browserVersion: 93.0.4577.63, chrome: {chromedriverVersion: 92.0.4515.107 (87a818b10553..., userDataDir: C:\Users\vmadmin\AppData\Lo...}, goog:chromeOptions: {debuggerAddress: localhost:54119}, javascriptEnabled: true, networkConnectionEnabled: false, pageLoadStrategy: normal, platform: WINDOWS, platformName: WINDOWS, proxy: Proxy(), setWindowRect: true, strictFileInteractability: false, timeouts: {implicit: 0, pageLoad: 300000, script: 30000}, unhandledPromptBehavior: dismiss and notify, webauthn:extension:credBlob: true, webauthn:extension:largeBlob: true, webauthn:virtualAuthenticators: true}
Session ID: cc57f85bd5f2304e3b53bc7061aeb546
*** Element info: {Using=xpath, value=//table[@id=&apos;dealinvestor-table&apos;]/tbody/tr/td/a}
	at org.openqa.selenium.remote.http.W3CHttpResponseCodec.createException(W3CHttpResponseCodec.java:187)
	at org.openqa.selenium.remote.http.W3CHttpResponseCodec.decode(W3CHttpResponseCodec.java:122)
	at org.openqa.selenium.remote.http.W3CHttpResponseCodec.decode(W3CHttpResponseCodec.java:49)
	at org.openqa.selenium.remote.HttpCommandExecutor.execute(HttpCommandExecutor.java:158)
	at org.openqa.selenium.remote.service.DriverCommandExecutor.execute(DriverCommandExecutor.java:83)
	at org.openqa.selenium.remote.RemoteWebDriver.execute(RemoteWebDriver.java:552)
	at org.openqa.selenium.remote.RemoteWebDriver.findElement(RemoteWebDriver.java:323)
	at org.openqa.selenium.remote.RemoteWebDriver.findElementByXPath(RemoteWebDriver.java:428)
	at org.openqa.selenium.By$ByXPath.findElement(By.java:353)
	at org.openqa.selenium.remote.RemoteWebDriver.findElement(RemoteWebDriver.java:315)
	at src.com.pack.common.pageobjects.ADealInvestorPage.OpenInvestorDetail(ADealInvestorPage.java:148)
	at src.com.pack.common.pageobjects.ADealInvestorPage.OpenInvestor(ADealInvestorPage.java:65)
	at src.com.pack.common.tests.ADealInvestorPageTest.updateRegistrationStatus(ADealInvestorPageTest.java:68)
	at java.base/java.util.ArrayList.forEach(ArrayList.java:1511)
... Removed 33 stack frames
</div> <!-- stack-trace -->
                  <em>
(Update Investor contact Detail from Admin)                  </em>
                </div> <!-- method-content -->
              </div> <!-- method -->
              <div class="method">
                <div class="method-content">
                  <a name="verifyuserinAdmin">
                  </a> <!-- verifyuserinAdmin -->
                  <span class="method-name">verifyuserinAdmin</span>
                  <div class="stack-trace">org.openqa.selenium.NoSuchElementException: no such element: Unable to locate element: {&quot;method&quot;:&quot;xpath&quot;,&quot;selector&quot;:&quot;//table[@id=&apos;dealinvestor-table&apos;]/tbody/tr/td/a&quot;}
  (Session info: chrome=93.0.4577.63)
For documentation on this error, please visit: https://www.seleniumhq.org/exceptions/no_such_element.html
Build info: version: &apos;3.141.59&apos;, revision: &apos;e82be7d358&apos;, time: &apos;2018-11-14T08:25:53&apos;
System info: host: &apos;AgentVM&apos;, ip: &apos;10.0.0.4&apos;, os.name: &apos;Windows Server 2016&apos;, os.arch: &apos;amd64&apos;, os.version: &apos;10.0&apos;, java.version: &apos;16.0.2&apos;
Driver info: org.openqa.selenium.chrome.ChromeDriver
Capabilities {acceptInsecureCerts: false, browserName: chrome, browserVersion: 93.0.4577.63, chrome: {chromedriverVersion: 92.0.4515.107 (87a818b10553..., userDataDir: C:\Users\vmadmin\AppData\Lo...}, goog:chromeOptions: {debuggerAddress: localhost:54119}, javascriptEnabled: true, networkConnectionEnabled: false, pageLoadStrategy: normal, platform: WINDOWS, platformName: WINDOWS, proxy: Proxy(), setWindowRect: true, strictFileInteractability: false, timeouts: {implicit: 0, pageLoad: 300000, script: 30000}, unhandledPromptBehavior: dismiss and notify, webauthn:extension:credBlob: true, webauthn:extension:largeBlob: true, webauthn:virtualAuthenticators: true}
Session ID: cc57f85bd5f2304e3b53bc7061aeb546
*** Element info: {Using=xpath, value=//table[@id=&apos;dealinvestor-table&apos;]/tbody/tr/td/a}
	at org.openqa.selenium.remote.http.W3CHttpResponseCodec.createException(W3CHttpResponseCodec.java:187)
	at org.openqa.selenium.remote.http.W3CHttpResponseCodec.decode(W3CHttpResponseCodec.java:122)
	at org.openqa.selenium.remote.http.W3CHttpResponseCodec.decode(W3CHttpResponseCodec.java:49)
	at org.openqa.selenium.remote.HttpCommandExecutor.execute(HttpCommandExecutor.java:158)
	at org.openqa.selenium.remote.service.DriverCommandExecutor.execute(DriverCommandExecutor.java:83)
	at org.openqa.selenium.remote.RemoteWebDriver.execute(RemoteWebDriver.java:552)
	at org.openqa.selenium.remote.RemoteWebDriver.findElement(RemoteWebDriver.java:323)
	at org.openqa.selenium.remote.RemoteWebDriver.findElementByXPath(RemoteWebDriver.java:428)
	at org.openqa.selenium.By$ByXPath.findElement(By.java:353)
	at org.openqa.selenium.remote.RemoteWebDriver.findElement(RemoteWebDriver.java:315)
	at src.com.pack.common.pageobjects.ADealInvestorPage.OpenInvestorDetail(ADealInvestorPage.java:148)
	at src.com.pack.common.pageobjects.ADealInvestorPage.OpenInvestor(ADealInvestorPage.java:65)
	at src.com.pack.common.tests.ADealInvestorPageTest.verifyuserinAdmin(ADealInvestorPageTest.java:46)
	at java.base/java.util.ArrayList.forEach(ArrayList.java:1511)
... Removed 33 stack frames
</div> <!-- stack-trace -->
                  <em>
(Verify Signup User in Admin)                  </em>
                </div> <!-- method-content -->
              </div> <!-- method -->
            </div> <!-- main-panel-content rounded-window-bottom -->
          </div> <!-- suite-General_Website_Test-class-failed -->
          <div class="suite-General_Website_Test-class-failed">
            <div class="main-panel-header rounded-window-top">
              <img src="failed.png"/>
              <span class="class-name">src.com.pack.common.tests.CDealCreateTest</span>
            </div> <!-- main-panel-header rounded-window-top -->
            <div class="main-panel-content rounded-window-bottom">
              <div class="method">
                <div class="method-content">
                  <a name="dealDetails">
                  </a> <!-- dealDetails -->
                  <span class="method-name">dealDetails</span>
                  <div class="stack-trace">org.openqa.selenium.NoSuchElementException: no such element: Unable to locate element: {&quot;method&quot;:&quot;xpath&quot;,&quot;selector&quot;:&quot;//a[text()=&apos;Create Deal&apos;]&quot;}
  (Session info: chrome=93.0.4577.63)
For documentation on this error, please visit: https://www.seleniumhq.org/exceptions/no_such_element.html
Build info: version: &apos;3.141.59&apos;, revision: &apos;e82be7d358&apos;, time: &apos;2018-11-14T08:25:53&apos;
System info: host: &apos;AgentVM&apos;, ip: &apos;10.0.0.4&apos;, os.name: &apos;Windows Server 2016&apos;, os.arch: &apos;amd64&apos;, os.version: &apos;10.0&apos;, java.version: &apos;16.0.2&apos;
Driver info: org.openqa.selenium.chrome.ChromeDriver
Capabilities {acceptInsecureCerts: false, browserName: chrome, browserVersion: 93.0.4577.63, chrome: {chromedriverVersion: 92.0.4515.107 (87a818b10553..., userDataDir: C:\Users\vmadmin\AppData\Lo...}, goog:chromeOptions: {debuggerAddress: localhost:63758}, javascriptEnabled: true, networkConnectionEnabled: false, pageLoadStrategy: normal, platform: WINDOWS, platformName: WINDOWS, proxy: Proxy(), setWindowRect: true, strictFileInteractability: false, timeouts: {implicit: 0, pageLoad: 300000, script: 30000}, unhandledPromptBehavior: dismiss and notify, webauthn:extension:credBlob: true, webauthn:extension:largeBlob: true, webauthn:virtualAuthenticators: true}
Session ID: 5a873f1ab8d5bada350661008bf7f628
*** Element info: {Using=xpath, value=//a[text()=&apos;Create Deal&apos;]}
	at org.openqa.selenium.remote.http.W3CHttpResponseCodec.createException(W3CHttpResponseCodec.java:187)
	at org.openqa.selenium.remote.http.W3CHttpResponseCodec.decode(W3CHttpResponseCodec.java:122)
	at org.openqa.selenium.remote.http.W3CHttpResponseCodec.decode(W3CHttpResponseCodec.java:49)
	at org.openqa.selenium.remote.HttpCommandExecutor.execute(HttpCommandExecutor.java:158)
	at org.openqa.selenium.remote.service.DriverCommandExecutor.execute(DriverCommandExecutor.java:83)
	at org.openqa.selenium.remote.RemoteWebDriver.execute(RemoteWebDriver.java:552)
	at org.openqa.selenium.remote.RemoteWebDriver.findElement(RemoteWebDriver.java:323)
	at org.openqa.selenium.remote.RemoteWebDriver.findElementByXPath(RemoteWebDriver.java:428)
	at org.openqa.selenium.By$ByXPath.findElement(By.java:353)
	at org.openqa.selenium.remote.RemoteWebDriver.findElement(RemoteWebDriver.java:315)
	at org.openqa.selenium.support.pagefactory.DefaultElementLocator.findElement(DefaultElementLocator.java:69)
	at org.openqa.selenium.support.pagefactory.internal.LocatingElementHandler.invoke(LocatingElementHandler.java:38)
	at jdk.proxy2/jdk.proxy2.$Proxy14.click(Unknown Source)
	at src.com.pack.common.pageobjects.CDealPage.CreateDeallink(CDealPage.java:100)
	at src.com.pack.common.tests.CDealCreateTest.dealDetails(CDealCreateTest.java:45)
	at java.base/java.util.ArrayList.forEach(ArrayList.java:1511)
... Removed 33 stack frames
</div> <!-- stack-trace -->
                  <em>
(Client creates a deal)                  </em>
                </div> <!-- method-content -->
              </div> <!-- method -->
            </div> <!-- main-panel-content rounded-window-bottom -->
          </div> <!-- suite-General_Website_Test-class-failed -->
          <div class="suite-General_Website_Test-class-failed">
            <div class="main-panel-header rounded-window-top">
              <img src="failed.png"/>
              <span class="class-name">src.com.pack.common.tests.DealViewTest</span>
            </div> <!-- main-panel-header rounded-window-top -->
            <div class="main-panel-content rounded-window-bottom">
              <div class="method">
                <div class="method-content">
                  <a name="InvitationsDeal">
                  </a> <!-- InvitationsDeal -->
                  <span class="method-name">InvitationsDeal</span>
                  <div class="stack-trace">org.openqa.selenium.NoSuchElementException: no such element: Unable to locate element: {&quot;method&quot;:&quot;xpath&quot;,&quot;selector&quot;:&quot;//a[text()=&apos;Invitation&apos;]&quot;}
  (Session info: chrome=93.0.4577.63)
For documentation on this error, please visit: https://www.seleniumhq.org/exceptions/no_such_element.html
Build info: version: &apos;3.141.59&apos;, revision: &apos;e82be7d358&apos;, time: &apos;2018-11-14T08:25:53&apos;
System info: host: &apos;AgentVM&apos;, ip: &apos;10.0.0.4&apos;, os.name: &apos;Windows Server 2016&apos;, os.arch: &apos;amd64&apos;, os.version: &apos;10.0&apos;, java.version: &apos;16.0.2&apos;
Driver info: org.openqa.selenium.chrome.ChromeDriver
Capabilities {acceptInsecureCerts: false, browserName: chrome, browserVersion: 93.0.4577.63, chrome: {chromedriverVersion: 92.0.4515.107 (87a818b10553..., userDataDir: C:\Users\vmadmin\AppData\Lo...}, goog:chromeOptions: {debuggerAddress: localhost:49152}, javascriptEnabled: true, networkConnectionEnabled: false, pageLoadStrategy: normal, platform: WINDOWS, platformName: WINDOWS, proxy: Proxy(), setWindowRect: true, strictFileInteractability: false, timeouts: {implicit: 0, pageLoad: 300000, script: 30000}, unhandledPromptBehavior: dismiss and notify, webauthn:extension:credBlob: true, webauthn:extension:largeBlob: true, webauthn:virtualAuthenticators: true}
Session ID: 9cb2224c28d701cc270f6be432fae20b
*** Element info: {Using=xpath, value=//a[text()=&apos;Invitation&apos;]}
	at org.openqa.selenium.remote.http.W3CHttpResponseCodec.createException(W3CHttpResponseCodec.java:187)
	at org.openqa.selenium.remote.http.W3CHttpResponseCodec.decode(W3CHttpResponseCodec.java:122)
	at org.openqa.selenium.remote.http.W3CHttpResponseCodec.decode(W3CHttpResponseCodec.java:49)
	at org.openqa.selenium.remote.HttpCommandExecutor.execute(HttpCommandExecutor.java:158)
	at org.openqa.selenium.remote.service.DriverCommandExecutor.execute(DriverCommandExecutor.java:83)
	at org.openqa.selenium.remote.RemoteWebDriver.execute(RemoteWebDriver.java:552)
	at org.openqa.selenium.remote.RemoteWebDriver.findElement(RemoteWebDriver.java:323)
	at org.openqa.selenium.remote.RemoteWebDriver.findElementByXPath(RemoteWebDriver.java:428)
	at org.openqa.selenium.By$ByXPath.findElement(By.java:353)
	at org.openqa.selenium.remote.RemoteWebDriver.findElement(RemoteWebDriver.java:315)
	at org.openqa.selenium.support.pagefactory.DefaultElementLocator.findElement(DefaultElementLocator.java:69)
	at org.openqa.selenium.support.pagefactory.internal.LocatingElementHandler.invoke(LocatingElementHandler.java:38)
	at jdk.proxy2/jdk.proxy2.$Proxy14.click(Unknown Source)
	at src.com.pack.common.pageobjects.DealViewPage.Invitationlink(DealViewPage.java:100)
	at src.com.pack.common.tests.DealViewTest.InvitationsDeal(DealViewTest.java:53)
	at java.base/java.util.ArrayList.forEach(ArrayList.java:1511)
... Removed 32 stack frames
</div> <!-- stack-trace -->
                  <em>
(Check invitations for a deal and invest in one of them)                  </em>
                </div> <!-- method-content -->
              </div> <!-- method -->
              <div class="method">
                <div class="method-content">
                  <a name="MyOriginationDeal">
                  </a> <!-- MyOriginationDeal -->
                  <span class="method-name">MyOriginationDeal</span>
                  <div class="stack-trace">org.openqa.selenium.NoSuchElementException: no such element: Unable to locate element: {&quot;method&quot;:&quot;xpath&quot;,&quot;selector&quot;:&quot;//a[text()=&apos;View All&apos;]&quot;}
  (Session info: chrome=93.0.4577.63)
For documentation on this error, please visit: https://www.seleniumhq.org/exceptions/no_such_element.html
Build info: version: &apos;3.141.59&apos;, revision: &apos;e82be7d358&apos;, time: &apos;2018-11-14T08:25:53&apos;
System info: host: &apos;AgentVM&apos;, ip: &apos;10.0.0.4&apos;, os.name: &apos;Windows Server 2016&apos;, os.arch: &apos;amd64&apos;, os.version: &apos;10.0&apos;, java.version: &apos;16.0.2&apos;
Driver info: org.openqa.selenium.chrome.ChromeDriver
Capabilities {acceptInsecureCerts: false, browserName: chrome, browserVersion: 93.0.4577.63, chrome: {chromedriverVersion: 92.0.4515.107 (87a818b10553..., userDataDir: C:\Users\vmadmin\AppData\Lo...}, goog:chromeOptions: {debuggerAddress: localhost:49152}, javascriptEnabled: true, networkConnectionEnabled: false, pageLoadStrategy: normal, platform: WINDOWS, platformName: WINDOWS, proxy: Proxy(), setWindowRect: true, strictFileInteractability: false, timeouts: {implicit: 0, pageLoad: 300000, script: 30000}, unhandledPromptBehavior: dismiss and notify, webauthn:extension:credBlob: true, webauthn:extension:largeBlob: true, webauthn:virtualAuthenticators: true}
Session ID: 9cb2224c28d701cc270f6be432fae20b
*** Element info: {Using=xpath, value=//a[text()=&apos;View All&apos;]}
	at org.openqa.selenium.remote.http.W3CHttpResponseCodec.createException(W3CHttpResponseCodec.java:187)
	at org.openqa.selenium.remote.http.W3CHttpResponseCodec.decode(W3CHttpResponseCodec.java:122)
	at org.openqa.selenium.remote.http.W3CHttpResponseCodec.decode(W3CHttpResponseCodec.java:49)
	at org.openqa.selenium.remote.HttpCommandExecutor.execute(HttpCommandExecutor.java:158)
	at org.openqa.selenium.remote.service.DriverCommandExecutor.execute(DriverCommandExecutor.java:83)
	at org.openqa.selenium.remote.RemoteWebDriver.execute(RemoteWebDriver.java:552)
	at org.openqa.selenium.remote.RemoteWebDriver.findElement(RemoteWebDriver.java:323)
	at org.openqa.selenium.remote.RemoteWebDriver.findElementByXPath(RemoteWebDriver.java:428)
	at org.openqa.selenium.By$ByXPath.findElement(By.java:353)
	at org.openqa.selenium.remote.RemoteWebDriver.findElement(RemoteWebDriver.java:315)
	at org.openqa.selenium.support.pagefactory.DefaultElementLocator.findElement(DefaultElementLocator.java:69)
	at org.openqa.selenium.support.pagefactory.internal.LocatingElementHandler.invoke(LocatingElementHandler.java:38)
	at jdk.proxy2/jdk.proxy2.$Proxy14.click(Unknown Source)
	at src.com.pack.common.pageobjects.DealViewPage.ViewAllLink(DealViewPage.java:95)
	at src.com.pack.common.tests.DealViewTest.MyOriginationDeal(DealViewTest.java:75)
	at java.base/java.util.ArrayList.forEach(ArrayList.java:1511)
... Removed 32 stack frames
</div> <!-- stack-trace -->
                  <em>
(Check MyOrigination and edit a deal)                  </em>
                </div> <!-- method-content -->
              </div> <!-- method -->
              <div class="method">
                <div class="method-content">
                  <a name="OpenHuddlesDeal">
                  </a> <!-- OpenHuddlesDeal -->
                  <span class="method-name">OpenHuddlesDeal</span>
                  <div class="stack-trace">org.openqa.selenium.NoSuchElementException: no such element: Unable to locate element: {&quot;method&quot;:&quot;xpath&quot;,&quot;selector&quot;:&quot;//a[text()=&apos;Market&apos;]&quot;}
  (Session info: chrome=93.0.4577.63)
For documentation on this error, please visit: https://www.seleniumhq.org/exceptions/no_such_element.html
Build info: version: &apos;3.141.59&apos;, revision: &apos;e82be7d358&apos;, time: &apos;2018-11-14T08:25:53&apos;
System info: host: &apos;AgentVM&apos;, ip: &apos;10.0.0.4&apos;, os.name: &apos;Windows Server 2016&apos;, os.arch: &apos;amd64&apos;, os.version: &apos;10.0&apos;, java.version: &apos;16.0.2&apos;
Driver info: org.openqa.selenium.chrome.ChromeDriver
Capabilities {acceptInsecureCerts: false, browserName: chrome, browserVersion: 93.0.4577.63, chrome: {chromedriverVersion: 92.0.4515.107 (87a818b10553..., userDataDir: C:\Users\vmadmin\AppData\Lo...}, goog:chromeOptions: {debuggerAddress: localhost:49152}, javascriptEnabled: true, networkConnectionEnabled: false, pageLoadStrategy: normal, platform: WINDOWS, platformName: WINDOWS, proxy: Proxy(), setWindowRect: true, strictFileInteractability: false, timeouts: {implicit: 0, pageLoad: 300000, script: 30000}, unhandledPromptBehavior: dismiss and notify, webauthn:extension:credBlob: true, webauthn:extension:largeBlob: true, webauthn:virtualAuthenticators: true}
Session ID: 9cb2224c28d701cc270f6be432fae20b
*** Element info: {Using=xpath, value=//a[text()=&apos;Market&apos;]}
	at org.openqa.selenium.remote.http.W3CHttpResponseCodec.createException(W3CHttpResponseCodec.java:187)
	at org.openqa.selenium.remote.http.W3CHttpResponseCodec.decode(W3CHttpResponseCodec.java:122)
	at org.openqa.selenium.remote.http.W3CHttpResponseCodec.decode(W3CHttpResponseCodec.java:49)
	at org.openqa.selenium.remote.HttpCommandExecutor.execute(HttpCommandExecutor.java:158)
	at org.openqa.selenium.remote.service.DriverCommandExecutor.execute(DriverCommandExecutor.java:83)
	at org.openqa.selenium.remote.RemoteWebDriver.execute(RemoteWebDriver.java:552)
	at org.openqa.selenium.remote.RemoteWebDriver.findElement(RemoteWebDriver.java:323)
	at org.openqa.selenium.remote.RemoteWebDriver.findElementByXPath(RemoteWebDriver.java:428)
	at org.openqa.selenium.By$ByXPath.findElement(By.java:353)
	at org.openqa.selenium.remote.RemoteWebDriver.findElement(RemoteWebDriver.java:315)
	at org.openqa.selenium.support.pagefactory.DefaultElementLocator.findElement(DefaultElementLocator.java:69)
	at org.openqa.selenium.support.pagefactory.internal.LocatingElementHandler.invoke(LocatingElementHandler.java:38)
	at jdk.proxy2/jdk.proxy2.$Proxy14.click(Unknown Source)
	at src.com.pack.common.pageobjects.DealViewPage.MarketLink(DealViewPage.java:185)
	at src.com.pack.common.tests.DealViewTest.OpenHuddlesDeal(DealViewTest.java:84)
	at java.base/java.util.ArrayList.forEach(ArrayList.java:1511)
... Removed 32 stack frames
</div> <!-- stack-trace -->
                  <em>
(Check Openhuddles and Invest in a deal)                  </em>
                </div> <!-- method-content -->
              </div> <!-- method -->
            </div> <!-- main-panel-content rounded-window-bottom -->
          </div> <!-- suite-General_Website_Test-class-failed -->
          <div class="suite-General_Website_Test-class-passed">
            <div class="main-panel-header rounded-window-top">
              <img src="passed.png"/>
              <span class="class-name">src.com.pack.common.tests.RegistrationTest</span>
            </div> <!-- main-panel-header rounded-window-top -->
            <div class="main-panel-content rounded-window-bottom">
              <div class="method">
                <div class="method-content">
                  <a name="bankDetail">
                  </a> <!-- bankDetail -->
                  <span class="method-name">bankDetail</span>
                  <em>
(Bank Detail of user)                  </em>
                </div> <!-- method-content -->
              </div> <!-- method -->
              <div class="method">
                <div class="method-content">
                  <a name="contactInfo">
                  </a> <!-- contactInfo -->
                  <span class="method-name">contactInfo</span>
                  <em>
(Contact Detail of user)                  </em>
                </div> <!-- method-content -->
              </div> <!-- method -->
              <div class="method">
                <div class="method-content">
                  <a name="documents">
                  </a> <!-- documents -->
                  <span class="method-name">documents</span>
                  <em>
(Document Upload of user)                  </em>
                </div> <!-- method-content -->
              </div> <!-- method -->
            </div> <!-- main-panel-content rounded-window-bottom -->
          </div> <!-- suite-General_Website_Test-class-passed -->
          <div class="suite-General_Website_Test-class-passed">
            <div class="main-panel-header rounded-window-top">
              <img src="passed.png"/>
              <span class="class-name">src.com.pack.common.tests.ADealCreateTest</span>
            </div> <!-- main-panel-header rounded-window-top -->
            <div class="main-panel-content rounded-window-bottom">
              <div class="method">
                <div class="method-content">
                  <a name="CreateDealAdmin">
                  </a> <!-- CreateDealAdmin -->
                  <span class="method-name">CreateDealAdmin</span>
                  <em>
(Create a new Deal in Admin)                  </em>
                </div> <!-- method-content -->
              </div> <!-- method -->
              <div class="method">
                <div class="method-content">
                  <a name="MandatoryFieldDeal">
                  </a> <!-- MandatoryFieldDeal -->
                  <span class="method-name">MandatoryFieldDeal</span>
                  <em>
(Check Message for Mandatory Fields)                  </em>
                </div> <!-- method-content -->
              </div> <!-- method -->
            </div> <!-- main-panel-content rounded-window-bottom -->
          </div> <!-- suite-General_Website_Test-class-passed -->
        </div> <!-- panel General_Website_Test -->
        <div panel-name="suite-iHuddle_Test_Suite" class="panel iHuddle_Test_Suite">
        </div> <!-- panel iHuddle_Test_Suite -->
        <div panel-name="test-xml-General_Website_Test" class="panel">
          <div class="main-panel-header rounded-window-top">
            <span class="header-content">C:\Users\vmadmin\Documents\Automation_Platform\investment-platform-qaautomation\scenario.xml</span>
          </div> <!-- main-panel-header rounded-window-top -->
          <div class="main-panel-content rounded-window-bottom">
            <pre>
&lt;?xml version=&quot;1.0&quot; encoding=&quot;UTF-8&quot;?&gt;
&lt;!DOCTYPE suite SYSTEM &quot;https://testng.org/testng-1.0.dtd&quot;&gt;
&lt;suite name=&quot;General Website Test&quot; guice-stage=&quot;DEVELOPMENT&quot;&gt;
  &lt;parameter name=&quot;uCompany&quot; value=&quot;aihuddle&quot;/&gt;
  &lt;parameter name=&quot;cURL&quot; value=&quot;https://tic-client-uat.azurewebsites.net/&quot;/&gt;
  &lt;parameter name=&quot;aURL&quot; value=&quot;https://tic-admin-uat.azurewebsites.net/&quot;/&gt;
  &lt;parameter name=&quot;aUser&quot; value=&quot;TU00000001&quot;/&gt;
  &lt;parameter name=&quot;file&quot; value=&quot;C:\\Users\\Ricky\\Downloads\\Terms and Conditions.pdf&quot;/&gt;
  &lt;parameter name=&quot;cPassword&quot; value=&quot;!Password1&quot;/&gt;
  &lt;parameter name=&quot;depositdata&quot; value=&quot;data\\deposits.txt&quot;/&gt;
  &lt;parameter name=&quot;sitename&quot; value=&quot;iHuddle&quot;/&gt;
  &lt;parameter name=&quot;outlookPassword&quot; value=&quot;&quot;/&gt;
  &lt;parameter name=&quot;env&quot; value=&quot;UAT&quot;/&gt;
  &lt;parameter name=&quot;aPassword&quot; value=&quot;Tu00000001&quot;/&gt;
  &lt;parameter name=&quot;outlookemail&quot; value=&quot;rajeev@atomcto.com&quot;/&gt;
  &lt;listeners&gt;
    &lt;listener class-name=&quot;src.com.easy.TestNGCustomReportListener&quot;/&gt;
    &lt;listener class-name=&quot;src.com.pack.listeners.TestListener&quot;/&gt;
  &lt;/listeners&gt;
  &lt;test thread-count=&quot;5&quot; name=&quot;Tested on Client Website on Chrome&quot;&gt;
    &lt;parameter name=&quot;browserType&quot; value=&quot;Chrome&quot;/&gt;
    &lt;classes&gt;
      &lt;class name=&quot;src.com.pack.common.tests.SignUpTest&quot;/&gt;
      &lt;class name=&quot;src.com.pack.common.tests.RegistrationTest&quot;/&gt;
      &lt;class name=&quot;src.com.pack.common.tests.ADealInvestorPageTest&quot;/&gt;
      &lt;class name=&quot;src.com.pack.common.tests.ADealCreateTest&quot;/&gt;
      &lt;class name=&quot;src.com.pack.common.tests.AInvestonDealTest&quot;/&gt;
      &lt;class name=&quot;src.com.pack.common.tests.ADeletePageTest&quot;/&gt;
      &lt;class name=&quot;src.com.pack.common.tests.CDealCreateTest&quot;/&gt;
      &lt;class name=&quot;src.com.pack.common.tests.IconPageTest&quot;/&gt;
      &lt;class name=&quot;src.com.pack.common.tests.DealViewTest&quot;/&gt;
    &lt;/classes&gt;
  &lt;/test&gt; &lt;!-- Tested on Client Website on Chrome --&gt;
&lt;/suite&gt; &lt;!-- General Website Test --&gt;
            </pre>
          </div> <!-- main-panel-content rounded-window-bottom -->
        </div> <!-- panel -->
        <div panel-name="test-xml-iHuddle_Test_Suite" class="panel">
          <div class="main-panel-header rounded-window-top">
            <span class="header-content">C:\Users\vmadmin\Documents\Automation_Platform\investment-platform-qaautomation\ihuddle.xml</span>
          </div> <!-- main-panel-header rounded-window-top -->
          <div class="main-panel-content rounded-window-bottom">
            <pre>
&lt;?xml version=&quot;1.0&quot; encoding=&quot;UTF-8&quot;?&gt;
&lt;!DOCTYPE suite SYSTEM &quot;https://testng.org/testng-1.0.dtd&quot;&gt;
&lt;suite name=&quot;iHuddle Test Suite&quot; guice-stage=&quot;DEVELOPMENT&quot;&gt;
  &lt;parameter name=&quot;uCompany&quot; value=&quot;aihuddle&quot;/&gt;
  &lt;parameter name=&quot;cURL&quot; value=&quot;https://tic-client-uat.azurewebsites.net/&quot;/&gt;
  &lt;parameter name=&quot;aURL&quot; value=&quot;https://tic-admin-uat.azurewebsites.net/&quot;/&gt;
  &lt;parameter name=&quot;aUser&quot; value=&quot;TU00000001&quot;/&gt;
  &lt;parameter name=&quot;file&quot; value=&quot;C:\\Users\\Ricky\\Downloads\\Terms and Conditions.pdf&quot;/&gt;
  &lt;parameter name=&quot;cPassword&quot; value=&quot;!Password1&quot;/&gt;
  &lt;parameter name=&quot;depositdata&quot; value=&quot;data\\deposits.txt&quot;/&gt;
  &lt;parameter name=&quot;sitename&quot; value=&quot;iHuddle&quot;/&gt;
  &lt;parameter name=&quot;outlookPassword&quot; value=&quot;&quot;/&gt;
  &lt;parameter name=&quot;env&quot; value=&quot;UAT&quot;/&gt;
  &lt;parameter name=&quot;aPassword&quot; value=&quot;Tu00000001&quot;/&gt;
  &lt;parameter name=&quot;outlookemail&quot; value=&quot;rajeev@atomcto.com&quot;/&gt;
  &lt;listeners&gt;
    &lt;listener class-name=&quot;src.com.easy.TestNGCustomReportListener&quot;/&gt;
    &lt;listener class-name=&quot;src.com.pack.listeners.TestListener&quot;/&gt;
  &lt;/listeners&gt;
  &lt;suite-files&gt;
    &lt;suite-file path=&quot;scenario.xml&quot;/&gt;
  &lt;/suite-files&gt;
&lt;/suite&gt; &lt;!-- iHuddle Test Suite --&gt;
            </pre>
          </div> <!-- main-panel-content rounded-window-bottom -->
        </div> <!-- panel -->
        <div panel-name="testlist-General_Website_Test" class="panel">
          <div class="main-panel-header rounded-window-top">
            <span class="header-content">Tests for General Website Test</span>
          </div> <!-- main-panel-header rounded-window-top -->
          <div class="main-panel-content rounded-window-bottom">
            <ul>
              <li>
                <span class="test-name">Tested on Client Website on Chrome (9 classes)</span>
              </li>
            </ul>
          </div> <!-- main-panel-content rounded-window-bottom -->
        </div> <!-- panel -->
        <div panel-name="testlist-iHuddle_Test_Suite" class="panel">
          <div class="main-panel-header rounded-window-top">
            <span class="header-content">Tests for iHuddle Test Suite</span>
          </div> <!-- main-panel-header rounded-window-top -->
          <div class="main-panel-content rounded-window-bottom">
            <ul>
            </ul>
          </div> <!-- main-panel-content rounded-window-bottom -->
        </div> <!-- panel -->
        <div panel-name="group-General_Website_Test" class="panel">
          <div class="main-panel-header rounded-window-top">
            <span class="header-content">Groups for General Website Test</span>
          </div> <!-- main-panel-header rounded-window-top -->
          <div class="main-panel-content rounded-window-bottom">
            <div class="test-group">
              <span class="test-group-name">AddDeposit</span>
              <br/>
              <div class="method-in-group">
                <span class="method-in-group-name">AddDepositAmount</span>
                <br/>
              </div> <!-- method-in-group -->
            </div> <!-- test-group -->
            <div class="test-group">
              <span class="test-group-name">AddDocuments</span>
              <br/>
              <div class="method-in-group">
                <span class="method-in-group-name">UploadUserDocuments</span>
                <br/>
              </div> <!-- method-in-group -->
            </div> <!-- test-group -->
            <div class="test-group">
              <span class="test-group-name">BankDetail</span>
              <br/>
              <div class="method-in-group">
                <span class="method-in-group-name">bankDetail</span>
                <br/>
              </div> <!-- method-in-group -->
            </div> <!-- test-group -->
            <div class="test-group">
              <span class="test-group-name">Check_User_inAdmin</span>
              <br/>
              <div class="method-in-group">
                <span class="method-in-group-name">verifyuserinAdmin</span>
                <br/>
              </div> <!-- method-in-group -->
            </div> <!-- test-group -->
            <div class="test-group">
              <span class="test-group-name">ContactInfo</span>
              <br/>
              <div class="method-in-group">
                <span class="method-in-group-name">contactInfo</span>
                <br/>
              </div> <!-- method-in-group -->
            </div> <!-- test-group -->
            <div class="test-group">
              <span class="test-group-name">Create Deal </span>
              <br/>
              <div class="method-in-group">
                <span class="method-in-group-name">dealDetails</span>
                <br/>
              </div> <!-- method-in-group -->
            </div> <!-- test-group -->
            <div class="test-group">
              <span class="test-group-name">Create_Deal_inAdmin</span>
              <br/>
              <div class="method-in-group">
                <span class="method-in-group-name">CreateDealAdmin</span>
                <br/>
              </div> <!-- method-in-group -->
            </div> <!-- test-group -->
            <div class="test-group">
              <span class="test-group-name">Deal View Invitations</span>
              <br/>
              <div class="method-in-group">
                <span class="method-in-group-name">InvitationsDeal</span>
                <br/>
              </div> <!-- method-in-group -->
            </div> <!-- test-group -->
            <div class="test-group">
              <span class="test-group-name">Deal View MyOrigination</span>
              <br/>
              <div class="method-in-group">
                <span class="method-in-group-name">MyOriginationDeal</span>
                <br/>
              </div> <!-- method-in-group -->
            </div> <!-- test-group -->
            <div class="test-group">
              <span class="test-group-name">Deal View OpenHuddles</span>
              <br/>
              <div class="method-in-group">
                <span class="method-in-group-name">OpenHuddlesDeal</span>
                <br/>
              </div> <!-- method-in-group -->
            </div> <!-- test-group -->
            <div class="test-group">
              <span class="test-group-name">DeleteDeal</span>
              <br/>
              <div class="method-in-group">
                <span class="method-in-group-name">bdeleteDeal</span>
                <br/>
              </div> <!-- method-in-group -->
            </div> <!-- test-group -->
            <div class="test-group">
              <span class="test-group-name">DeleteImage</span>
              <br/>
              <div class="method-in-group">
                <span class="method-in-group-name">adeleteInvestorImage</span>
                <br/>
              </div> <!-- method-in-group -->
            </div> <!-- test-group -->
            <div class="test-group">
              <span class="test-group-name">DeleteInvestment</span>
              <br/>
              <div class="method-in-group">
                <span class="method-in-group-name">dDeleteInvestment</span>
                <br/>
              </div> <!-- method-in-group -->
            </div> <!-- test-group -->
            <div class="test-group">
              <span class="test-group-name">Document</span>
              <br/>
              <div class="method-in-group">
                <span class="method-in-group-name">documents</span>
                <br/>
              </div> <!-- method-in-group -->
            </div> <!-- test-group -->
            <div class="test-group">
              <span class="test-group-name">EmailVerify</span>
              <br/>
              <div class="method-in-group">
                <span class="method-in-group-name">VerifyEmail</span>
                <br/>
              </div> <!-- method-in-group -->
            </div> <!-- test-group -->
            <div class="test-group">
              <span class="test-group-name">InvestonDeal</span>
              <br/>
              <div class="method-in-group">
                <span class="method-in-group-name">bInvestonDeal</span>
                <br/>
              </div> <!-- method-in-group -->
            </div> <!-- test-group -->
            <div class="test-group">
              <span class="test-group-name">Mandatory_Field_Check</span>
              <br/>
              <div class="method-in-group">
                <span class="method-in-group-name">MandatoryFieldDeal</span>
                <br/>
              </div> <!-- method-in-group -->
            </div> <!-- test-group -->
            <div class="test-group">
              <span class="test-group-name">My details View Page</span>
              <br/>
              <div class="method-in-group">
                <span class="method-in-group-name">MyProfileDetails</span>
                <br/>
              </div> <!-- method-in-group -->
            </div> <!-- test-group -->
            <div class="test-group">
              <span class="test-group-name">Notification View Page</span>
              <br/>
              <div class="method-in-group">
                <span class="method-in-group-name">NotificationSet</span>
                <br/>
              </div> <!-- method-in-group -->
            </div> <!-- test-group -->
            <div class="test-group">
              <span class="test-group-name">SelfAccreditation</span>
              <br/>
              <div class="method-in-group">
                <span class="method-in-group-name">selfAccredition</span>
                <br/>
              </div> <!-- method-in-group -->
            </div> <!-- test-group -->
            <div class="test-group">
              <span class="test-group-name">SignUp</span>
              <br/>
              <div class="method-in-group">
                <span class="method-in-group-name">Signup</span>
                <br/>
              </div> <!-- method-in-group -->
            </div> <!-- test-group -->
            <div class="test-group">
              <span class="test-group-name">Update_Investor_Contact_inAdmin</span>
              <br/>
              <div class="method-in-group">
                <span class="method-in-group-name">updateContactDetail</span>
                <br/>
              </div> <!-- method-in-group -->
              <div class="method-in-group">
                <span class="method-in-group-name">updateRegistrationStatus</span>
                <br/>
              </div> <!-- method-in-group -->
            </div> <!-- test-group -->
            <div class="test-group">
              <span class="test-group-name">UploadDoc</span>
              <br/>
              <div class="method-in-group">
                <span class="method-in-group-name">aUploadDocumentOnDeal</span>
                <br/>
              </div> <!-- method-in-group -->
            </div> <!-- test-group -->
            <div class="test-group">
              <span class="test-group-name">VerifyInvestorAmount</span>
              <br/>
              <div class="method-in-group">
                <span class="method-in-group-name">cverifyAmountInvestor</span>
                <br/>
              </div> <!-- method-in-group -->
            </div> <!-- test-group -->
          </div> <!-- main-panel-content rounded-window-bottom -->
        </div> <!-- panel -->
        <div panel-name="group-iHuddle_Test_Suite" class="panel">
          <div class="main-panel-header rounded-window-top">
            <span class="header-content">Groups for iHuddle Test Suite</span>
          </div> <!-- main-panel-header rounded-window-top -->
          <div class="main-panel-content rounded-window-bottom">
          </div> <!-- main-panel-content rounded-window-bottom -->
        </div> <!-- panel -->
        <div panel-name="times-General_Website_Test" class="panel">
          <div class="main-panel-header rounded-window-top">
            <span class="header-content">Times for General Website Test</span>
          </div> <!-- main-panel-header rounded-window-top -->
          <div class="main-panel-content rounded-window-bottom">
            <div class="times-div">
              <script type="text/javascript">
suiteTableInitFunctions.push('tableData_General_Website_Test');
function tableData_General_Website_Test() {
var data = new google.visualization.DataTable();
data.addColumn('number', 'Number');
data.addColumn('string', 'Method');
data.addColumn('string', 'Class');
data.addColumn('number', 'Time (ms)');
data.addRows(26);
data.setCell(0, 0, 0)
data.setCell(0, 1, 'CreateDealAdmin')
data.setCell(0, 2, 'src.com.pack.common.tests.ADealCreateTest')
data.setCell(0, 3, 76260);
data.setCell(1, 0, 1)
data.setCell(1, 1, 'dDeleteInvestment')
data.setCell(1, 2, 'src.com.pack.common.tests.AInvestonDealTest')
data.setCell(1, 3, 60098);
data.setCell(2, 0, 2)
data.setCell(2, 1, 'VerifyEmail')
data.setCell(2, 2, 'src.com.pack.common.tests.SignUpTest')
data.setCell(2, 3, 49048);
data.setCell(3, 0, 3)
data.setCell(3, 1, 'AddDepositAmount')
data.setCell(3, 2, 'src.com.pack.common.tests.ADealInvestorPageTest')
data.setCell(3, 3, 48402);
data.setCell(4, 0, 4)
data.setCell(4, 1, 'updateRegistrationStatus')
data.setCell(4, 2, 'src.com.pack.common.tests.ADealInvestorPageTest')
data.setCell(4, 3, 47655);
data.setCell(5, 0, 5)
data.setCell(5, 1, 'updateContactDetail')
data.setCell(5, 2, 'src.com.pack.common.tests.ADealInvestorPageTest')
data.setCell(5, 3, 47594);
data.setCell(6, 0, 6)
data.setCell(6, 1, 'UploadUserDocuments')
data.setCell(6, 2, 'src.com.pack.common.tests.ADealInvestorPageTest')
data.setCell(6, 3, 47581);
data.setCell(7, 0, 7)
data.setCell(7, 1, 'MandatoryFieldDeal')
data.setCell(7, 2, 'src.com.pack.common.tests.ADealCreateTest')
data.setCell(7, 3, 46963);
data.setCell(8, 0, 8)
data.setCell(8, 1, 'Signup')
data.setCell(8, 2, 'src.com.pack.common.tests.SignUpTest')
data.setCell(8, 3, 27889);
data.setCell(9, 0, 9)
data.setCell(9, 1, 'adeleteInvestorImage')
data.setCell(9, 2, 'src.com.pack.common.tests.ADeletePageTest')
data.setCell(9, 3, 26715);
data.setCell(10, 0, 10)
data.setCell(10, 1, 'verifyuserinAdmin')
data.setCell(10, 2, 'src.com.pack.common.tests.SignUpTest')
data.setCell(10, 3, 26052);
data.setCell(11, 0, 11)
data.setCell(11, 1, 'verifyuserinAdmin')
data.setCell(11, 2, 'src.com.pack.common.tests.ADealInvestorPageTest')
data.setCell(11, 3, 25603);
data.setCell(12, 0, 12)
data.setCell(12, 1, 'aUploadDocumentOnDeal')
data.setCell(12, 2, 'src.com.pack.common.tests.AInvestonDealTest')
data.setCell(12, 3, 25588);
data.setCell(13, 0, 13)
data.setCell(13, 1, 'NotificationSet')
data.setCell(13, 2, 'src.com.pack.common.tests.IconPageTest')
data.setCell(13, 3, 25482);
data.setCell(14, 0, 14)
data.setCell(14, 1, 'InvitationsDeal')
data.setCell(14, 2, 'src.com.pack.common.tests.DealViewTest')
data.setCell(14, 3, 23787);
data.setCell(15, 0, 15)
data.setCell(15, 1, 'selfAccredition')
data.setCell(15, 2, 'src.com.pack.common.tests.RegistrationTest')
data.setCell(15, 3, 23652);
data.setCell(16, 0, 16)
data.setCell(16, 1, 'bdeleteDeal')
data.setCell(16, 2, 'src.com.pack.common.tests.ADeletePageTest')
data.setCell(16, 3, 23578);
data.setCell(17, 0, 17)
data.setCell(17, 1, 'dealDetails')
data.setCell(17, 2, 'src.com.pack.common.tests.CDealCreateTest')
data.setCell(17, 3, 23549);
data.setCell(18, 0, 18)
data.setCell(18, 1, 'MyProfileDetails')
data.setCell(18, 2, 'src.com.pack.common.tests.IconPageTest')
data.setCell(18, 3, 22080);
data.setCell(19, 0, 19)
data.setCell(19, 1, 'OpenHuddlesDeal')
data.setCell(19, 2, 'src.com.pack.common.tests.DealViewTest')
data.setCell(19, 3, 20044);
data.setCell(20, 0, 20)
data.setCell(20, 1, 'MyOriginationDeal')
data.setCell(20, 2, 'src.com.pack.common.tests.DealViewTest')
data.setCell(20, 3, 20035);
data.setCell(21, 0, 21)
data.setCell(21, 1, 'cverifyAmountInvestor')
data.setCell(21, 2, 'src.com.pack.common.tests.AInvestonDealTest')
data.setCell(21, 3, 20014);
data.setCell(22, 0, 22)
data.setCell(22, 1, 'contactInfo')
data.setCell(22, 2, 'src.com.pack.common.tests.RegistrationTest')
data.setCell(22, 3, 3562);
data.setCell(23, 0, 23)
data.setCell(23, 1, 'documents')
data.setCell(23, 2, 'src.com.pack.common.tests.RegistrationTest')
data.setCell(23, 3, 2619);
data.setCell(24, 0, 24)
data.setCell(24, 1, 'bankDetail')
data.setCell(24, 2, 'src.com.pack.common.tests.RegistrationTest')
data.setCell(24, 3, 2139);
data.setCell(25, 0, 25)
data.setCell(25, 1, 'bInvestonDeal')
data.setCell(25, 2, 'src.com.pack.common.tests.AInvestonDealTest')
data.setCell(25, 3, 2);
window.suiteTableData['General_Website_Test']= { tableData: data, tableDiv: 'times-div-General_Website_Test'}
return data;
}
              </script>
              <span class="suite-total-time">Total running time: 12 minutes</span>
              <div id="times-div-General_Website_Test">
              </div> <!-- times-div-General_Website_Test -->
            </div> <!-- times-div -->
          </div> <!-- main-panel-content rounded-window-bottom -->
        </div> <!-- panel -->
        <div panel-name="times-iHuddle_Test_Suite" class="panel">
          <div class="main-panel-header rounded-window-top">
            <span class="header-content">Times for iHuddle Test Suite</span>
          </div> <!-- main-panel-header rounded-window-top -->
          <div class="main-panel-content rounded-window-bottom">
            <div class="times-div">
              <script type="text/javascript">
suiteTableInitFunctions.push('tableData_iHuddle_Test_Suite');
function tableData_iHuddle_Test_Suite() {
var data = new google.visualization.DataTable();
data.addColumn('number', 'Number');
data.addColumn('string', 'Method');
data.addColumn('string', 'Class');
data.addColumn('number', 'Time (ms)');
data.addRows(0);
window.suiteTableData['iHuddle_Test_Suite']= { tableData: data, tableDiv: 'times-div-iHuddle_Test_Suite'}
return data;
}
              </script>
              <span class="suite-total-time">Total running time: 0 ms</span>
              <div id="times-div-iHuddle_Test_Suite">
              </div> <!-- times-div-iHuddle_Test_Suite -->
            </div> <!-- times-div -->
          </div> <!-- main-panel-content rounded-window-bottom -->
        </div> <!-- panel -->
        <div panel-name="reporter-General_Website_Test" class="panel">
          <div class="main-panel-header rounded-window-top">
            <span class="header-content">Reporter output for General Website Test</span>
          </div> <!-- main-panel-header rounded-window-top -->
          <div class="main-panel-content rounded-window-bottom">
            <div class="reporter-method-div">
              <span class="reporter-method-name">CreateDealAdmin</span>
              <div class="reporter-method-output-div">
                <span class="reporter-method-output">Email Entered - TU00000001</span>
                <span class="reporter-method-output">Password Entered - Tu00000001</span>
                <span class="reporter-method-output">Submit Button</span>
                <span class="reporter-method-output">Property</span>
                <span class="reporter-method-output">Data is - 30000</span>
                <span class="reporter-method-output">Deal Currency-British Pound ()</span>
                <span class="reporter-method-output">Deal Published</span>
                <span class="reporter-method-output">Equity</span>
                <span class="reporter-method-output">Data is - 15000</span>
                <span class="reporter-method-output">Deal Currency-Euro ()</span>
                <span class="reporter-method-output">Deal Published</span>
                <span class="reporter-method-output">Equity</span>
                <span class="reporter-method-output">Data is - 35000</span>
                <span class="reporter-method-output">Deal Currency-US Dollar ($)</span>
                <span class="reporter-method-output">Deal Published</span>
              </div> <!-- reporter-method-output-div -->
            </div> <!-- reporter-method-div -->
            <div class="reporter-method-div">
              <span class="reporter-method-name">MandatoryFieldDeal</span>
              <div class="reporter-method-output-div">
                <span class="reporter-method-output">Email Entered - TU00000001</span>
                <span class="reporter-method-output">Password Entered - Tu00000001</span>
                <span class="reporter-method-output">Submit Button</span>
              </div> <!-- reporter-method-output-div -->
            </div> <!-- reporter-method-div -->
            <div class="reporter-method-div">
              <span class="reporter-method-name">VerifyEmail</span>
              <div class="reporter-method-output-div">
                <span class="reporter-method-output">Open Outlook and Verify Email</span>
                <span class="reporter-method-output">Outlook Email Entered - rajeev@atomcto.com</span>
                <span class="reporter-method-output">Email Password Entered - </span>
              </div> <!-- reporter-method-output-div -->
            </div> <!-- reporter-method-div -->
            <div class="reporter-method-div">
              <span class="reporter-method-name">selfAccredition</span>
              <div class="reporter-method-output-div">
                <span class="reporter-method-output">Email Entered - aihuddle-Chrome15-09@discard.com</span>
                <span class="reporter-method-output">Password Entered - !Password1</span>
                <span class="reporter-method-output">Submit Button</span>
              </div> <!-- reporter-method-output-div -->
            </div> <!-- reporter-method-div -->
            <div class="reporter-method-div">
              <span class="reporter-method-name">dealDetails</span>
              <div class="reporter-method-output-div">
                <span class="reporter-method-output">Email Entered - aihuddle-Chrome15-09@discard.com</span>
                <span class="reporter-method-output">Password Entered - !Password1</span>
                <span class="reporter-method-output">Submit Button</span>
              </div> <!-- reporter-method-output-div -->
            </div> <!-- reporter-method-div -->
            <div class="reporter-method-div">
              <span class="reporter-method-name">updateContactDetail</span>
              <div class="reporter-method-output-div">
                <span class="reporter-method-output">Email Entered - TU00000001</span>
                <span class="reporter-method-output">Password Entered - Tu00000001</span>
                <span class="reporter-method-output">Submit Button</span>
              </div> <!-- reporter-method-output-div -->
            </div> <!-- reporter-method-div -->
            <div class="reporter-method-div">
              <span class="reporter-method-name">verifyuserinAdmin</span>
              <div class="reporter-method-output-div">
                <span class="reporter-method-output">Email Entered - TU00000001</span>
                <span class="reporter-method-output">Password Entered - Tu00000001</span>
                <span class="reporter-method-output">Submit Button</span>
              </div> <!-- reporter-method-output-div -->
            </div> <!-- reporter-method-div -->
            <div class="reporter-method-div">
              <span class="reporter-method-name">Signup</span>
              <div class="reporter-method-output-div">
                <span class="reporter-method-output">First Name Entered - </span>
                <span class="reporter-method-output">Last Name Entered - </span>
                <span class="reporter-method-output">Email Address Entered - aihuddle-Chrome15-09@discard.com</span>
                <span class="reporter-method-output">Password Entered - </span>
                <span class="reporter-method-output">Retype Password Entered - </span>
              </div> <!-- reporter-method-output-div -->
            </div> <!-- reporter-method-div -->
            <div class="reporter-method-div">
              <span class="reporter-method-name">bdeleteDeal</span>
              <div class="reporter-method-output-div">
                <span class="reporter-method-output">Total Deal -1</span>
                <span class="reporter-method-output">Deal to be Deleted-There are no records</span>
              </div> <!-- reporter-method-output-div -->
            </div> <!-- reporter-method-div -->
            <div class="reporter-method-div">
              <span class="reporter-method-name">AddDepositAmount</span>
              <div class="reporter-method-output-div">
                <span class="reporter-method-output">Email Entered - TU00000001</span>
                <span class="reporter-method-output">Password Entered - Tu00000001</span>
                <span class="reporter-method-output">Submit Button</span>
              </div> <!-- reporter-method-output-div -->
            </div> <!-- reporter-method-div -->
            <div class="reporter-method-div">
              <span class="reporter-method-name">UploadUserDocuments</span>
              <div class="reporter-method-output-div">
                <span class="reporter-method-output">Email Entered - TU00000001</span>
                <span class="reporter-method-output">Password Entered - Tu00000001</span>
                <span class="reporter-method-output">Submit Button</span>
              </div> <!-- reporter-method-output-div -->
            </div> <!-- reporter-method-div -->
            <div class="reporter-method-div">
              <span class="reporter-method-name">verifyuserinAdmin</span>
              <div class="reporter-method-output-div">
                <span class="reporter-method-output">Email Entered - TU00000001</span>
                <span class="reporter-method-output">Password Entered - Tu00000001</span>
                <span class="reporter-method-output">Submit Button</span>
              </div> <!-- reporter-method-output-div -->
            </div> <!-- reporter-method-div -->
            <div class="reporter-method-div">
              <span class="reporter-method-name">adeleteInvestorImage</span>
              <div class="reporter-method-output-div">
                <span class="reporter-method-output">Email Entered - TU00000001</span>
                <span class="reporter-method-output">Password Entered - Tu00000001</span>
                <span class="reporter-method-output">Submit Button</span>
              </div> <!-- reporter-method-output-div -->
            </div> <!-- reporter-method-div -->
            <div class="reporter-method-div">
              <span class="reporter-method-name">InvitationsDeal</span>
              <div class="reporter-method-output-div">
                <span class="reporter-method-output">Email Entered - aihuddle-Chrome15-09@discard.com</span>
                <span class="reporter-method-output">Password Entered - !Password1</span>
                <span class="reporter-method-output">Submit Button</span>
              </div> <!-- reporter-method-output-div -->
            </div> <!-- reporter-method-div -->
            <div class="reporter-method-div">
              <span class="reporter-method-name">updateRegistrationStatus</span>
              <div class="reporter-method-output-div">
                <span class="reporter-method-output">Email Entered - TU00000001</span>
                <span class="reporter-method-output">Password Entered - Tu00000001</span>
                <span class="reporter-method-output">Submit Button</span>
              </div> <!-- reporter-method-output-div -->
            </div> <!-- reporter-method-div -->
            <div class="reporter-method-div">
              <span class="reporter-method-name">NotificationSet</span>
              <div class="reporter-method-output-div">
                <span class="reporter-method-output">Email Entered - aihuddle-Chrome15-09@discard.com</span>
                <span class="reporter-method-output">Password Entered - !Password1</span>
                <span class="reporter-method-output">Submit Button</span>
              </div> <!-- reporter-method-output-div -->
            </div> <!-- reporter-method-div -->
            <div class="reporter-method-div">
              <span class="reporter-method-name">aUploadDocumentOnDeal</span>
              <div class="reporter-method-output-div">
                <span class="reporter-method-output">Email Entered - TU00000001</span>
                <span class="reporter-method-output">Password Entered - Tu00000001</span>
                <span class="reporter-method-output">Submit Button</span>
              </div> <!-- reporter-method-output-div -->
            </div> <!-- reporter-method-div -->
          </div> <!-- main-panel-content rounded-window-bottom -->
        </div> <!-- panel -->
        <div panel-name="reporter-iHuddle_Test_Suite" class="panel">
          <div class="main-panel-header rounded-window-top">
            <span class="header-content">Reporter output for iHuddle Test Suite</span>
          </div> <!-- main-panel-header rounded-window-top -->
          <div class="main-panel-content rounded-window-bottom">
          </div> <!-- main-panel-content rounded-window-bottom -->
        </div> <!-- panel -->
        <div panel-name="ignored-methods-General_Website_Test" class="panel">
          <div class="main-panel-header rounded-window-top">
            <span class="header-content">0 ignored methods</span>
          </div> <!-- main-panel-header rounded-window-top -->
          <div class="main-panel-content rounded-window-bottom">
          </div> <!-- main-panel-content rounded-window-bottom -->
        </div> <!-- panel -->
        <div panel-name="ignored-methods-iHuddle_Test_Suite" class="panel">
          <div class="main-panel-header rounded-window-top">
            <span class="header-content">0 ignored methods</span>
          </div> <!-- main-panel-header rounded-window-top -->
          <div class="main-panel-content rounded-window-bottom">
          </div> <!-- main-panel-content rounded-window-bottom -->
        </div> <!-- panel -->
        <div panel-name="chronological-General_Website_Test" class="panel">
          <div class="main-panel-header rounded-window-top">
            <span class="header-content">Methods in chronological order</span>
          </div> <!-- main-panel-header rounded-window-top -->
          <div class="main-panel-content rounded-window-bottom">
            <div class="chronological-class">
              <div class="chronological-class-name">src.com.pack.common.tests.SignUpTest</div> <!-- chronological-class-name -->
              <div class="configuration-class before">
                <span class="method-name">initializeTestBaseSetup(Chrome, iHuddle, https://tic-client-uat.azurewebsites.net/, aihuddle, https://tic-admin-uat.azureweb...)</span>
                <span class="method-start">0 ms</span>
              </div> <!-- configuration-class before -->
              <div class="configuration-class before">
                <span class="method-name">setUp(org.testng.TestRunner@478a9195)</span>
                <span class="method-start">3950 ms</span>
              </div> <!-- configuration-class before -->
              <div class="test-method">
                <img src="failed.png">
                </img>
                <span class="method-name">Signup</span>
                <span class="method-start">4147 ms</span>
              </div> <!-- test-method -->
              <div class="configuration-method after">
                <span class="method-name">afterMethod([TestResult name=Signup status=FAILURE method=SignUpTest.Signup()[pri:10, instance:src.com.pack.comm...)</span>
                <span class="method-start">36302 ms</span>
              </div> <!-- configuration-method after -->
              <div class="test-method">
                <img src="failed.png">
                </img>
                <span class="method-name">verifyuserinAdmin</span>
                <span class="method-start">37310 ms</span>
              </div> <!-- test-method -->
              <div class="configuration-method after">
                <span class="method-name">afterMethod([TestResult name=verifyuserinAdmin status=FAILURE method=SignUpTest.verifyuserinAdmin()[pri:20, inst...)</span>
                <span class="method-start">66607 ms</span>
              </div> <!-- configuration-method after -->
              <div class="test-method">
                <img src="failed.png">
                </img>
                <span class="method-name">VerifyEmail</span>
                <span class="method-start">67608 ms</span>
              </div> <!-- test-method -->
              <div class="configuration-method after">
                <span class="method-name">afterMethod([TestResult name=VerifyEmail status=FAILURE method=SignUpTest.VerifyEmail()[pri:30, instance:src.com...)</span>
                <span class="method-start">119459 ms</span>
              </div> <!-- configuration-method after -->
              <div class="configuration-class after">
                <span class="method-name">tearDown</span>
                <span class="method-start">120461 ms</span>
              </div> <!-- configuration-class after -->
            </div> <!-- chronological-class -->
            <div class="chronological-class">
              <div class="chronological-class-name">src.com.pack.common.tests.RegistrationTest</div> <!-- chronological-class-name -->
              <div class="configuration-class before">
                <span class="method-name">initializeTestBaseSetup(Chrome, iHuddle, https://tic-client-uat.azurewebsites.net/, aihuddle, https://tic-admin-uat.azureweb...)</span>
                <span class="method-start">121212 ms</span>
              </div> <!-- configuration-class before -->
              <div class="configuration-class before">
                <span class="method-name">setUp(org.testng.TestRunner@478a9195)</span>
                <span class="method-start">123261 ms</span>
              </div> <!-- configuration-class before -->
              <div class="test-method">
                <img src="failed.png">
                </img>
                <span class="method-name">selfAccredition</span>
                <span class="method-start">123270 ms</span>
              </div> <!-- test-method -->
              <div class="configuration-method after">
                <span class="method-name">afterMethod([TestResult name=selfAccredition status=FAILURE method=RegistrationTest.selfAccredition()[pri:10, in...)</span>
                <span class="method-start">150199 ms</span>
              </div> <!-- configuration-method after -->
              <div class="test-method">
                <span class="method-name">contactInfo</span>
                <span class="method-start">151201 ms</span>
              </div> <!-- test-method -->
              <div class="configuration-method after">
                <span class="method-name">afterMethod([TestResult name=contactInfo status=SUCCESS method=RegistrationTest.contactInfo()[pri:20, instance:s...)</span>
                <span class="method-start">154764 ms</span>
              </div> <!-- configuration-method after -->
              <div class="test-method">
                <span class="method-name">bankDetail</span>
                <span class="method-start">154766 ms</span>
              </div> <!-- test-method -->
              <div class="configuration-method after">
                <span class="method-name">afterMethod([TestResult name=bankDetail status=SUCCESS method=RegistrationTest.bankDetail()[pri:30, instance:src...)</span>
                <span class="method-start">156912 ms</span>
              </div> <!-- configuration-method after -->
              <div class="test-method">
                <span class="method-name">documents</span>
                <span class="method-start">156913 ms</span>
              </div> <!-- test-method -->
              <div class="configuration-method after">
                <span class="method-name">afterMethod([TestResult name=documents status=SUCCESS method=RegistrationTest.documents()[pri:40, instance:src.c...)</span>
                <span class="method-start">159536 ms</span>
              </div> <!-- configuration-method after -->
              <div class="configuration-class after">
                <span class="method-name">tearDown</span>
                <span class="method-start">159537 ms</span>
              </div> <!-- configuration-class after -->
            </div> <!-- chronological-class -->
            <div class="chronological-class">
              <div class="chronological-class-name">src.com.pack.common.tests.ADealInvestorPageTest</div> <!-- chronological-class-name -->
              <div class="configuration-class before">
                <span class="method-name">initializeTestBaseSetup(Chrome, iHuddle, https://tic-client-uat.azurewebsites.net/, aihuddle, https://tic-admin-uat.azureweb...)</span>
                <span class="method-start">160222 ms</span>
              </div> <!-- configuration-class before -->
              <div class="configuration-class before">
                <span class="method-name">setUp(org.testng.TestRunner@478a9195)</span>
                <span class="method-start">163097 ms</span>
              </div> <!-- configuration-class before -->
              <div class="test-method">
                <img src="failed.png">
                </img>
                <span class="method-name">verifyuserinAdmin</span>
                <span class="method-start">163133 ms</span>
              </div> <!-- test-method -->
              <div class="configuration-method after">
                <span class="method-name">afterMethod([TestResult name=verifyuserinAdmin status=FAILURE method=ADealInvestorPageTest.verifyuserinAdmin()[p...)</span>
                <span class="method-start">192023 ms</span>
              </div> <!-- configuration-method after -->
              <div class="test-method">
                <img src="failed.png">
                </img>
                <span class="method-name">updateContactDetail</span>
                <span class="method-start">193025 ms</span>
              </div> <!-- test-method -->
              <div class="configuration-method after">
                <span class="method-name">afterMethod([TestResult name=updateContactDetail status=FAILURE method=ADealInvestorPageTest.updateContactDetail...)</span>
                <span class="method-start">244045 ms</span>
              </div> <!-- configuration-method after -->
              <div class="test-method">
                <img src="failed.png">
                </img>
                <span class="method-name">updateRegistrationStatus</span>
                <span class="method-start">245047 ms</span>
              </div> <!-- test-method -->
              <div class="configuration-method after">
                <span class="method-name">afterMethod([TestResult name=updateRegistrationStatus status=FAILURE method=ADealInvestorPageTest.updateRegistra...)</span>
                <span class="method-start">295937 ms</span>
              </div> <!-- configuration-method after -->
              <div class="test-method">
                <img src="failed.png">
                </img>
                <span class="method-name">AddDepositAmount</span>
                <span class="method-start">296939 ms</span>
              </div> <!-- test-method -->
              <div class="configuration-method after">
                <span class="method-name">afterMethod([TestResult name=AddDepositAmount status=FAILURE method=ADealInvestorPageTest.AddDepositAmount()[pri...)</span>
                <span class="method-start">348710 ms</span>
              </div> <!-- configuration-method after -->
              <div class="test-method">
                <img src="failed.png">
                </img>
                <span class="method-name">UploadUserDocuments</span>
                <span class="method-start">349712 ms</span>
              </div> <!-- test-method -->
              <div class="configuration-method after">
                <span class="method-name">afterMethod([TestResult name=UploadUserDocuments status=FAILURE method=ADealInvestorPageTest.UploadUserDocuments...)</span>
                <span class="method-start">400532 ms</span>
              </div> <!-- configuration-method after -->
              <div class="configuration-class after">
                <span class="method-name">tearDown</span>
                <span class="method-start">401534 ms</span>
              </div> <!-- configuration-class after -->
            </div> <!-- chronological-class -->
            <div class="chronological-class">
              <div class="chronological-class-name">src.com.pack.common.tests.ADealCreateTest</div> <!-- chronological-class-name -->
              <div class="configuration-class before">
                <span class="method-name">initializeTestBaseSetup(Chrome, iHuddle, https://tic-client-uat.azurewebsites.net/, aihuddle, https://tic-admin-uat.azureweb...)</span>
                <span class="method-start">402339 ms</span>
              </div> <!-- configuration-class before -->
              <div class="configuration-class before">
                <span class="method-name">setUp(org.testng.TestRunner@478a9195)</span>
                <span class="method-start">404561 ms</span>
              </div> <!-- configuration-class before -->
              <div class="test-method">
                <span class="method-name">MandatoryFieldDeal</span>
                <span class="method-start">404566 ms</span>
              </div> <!-- test-method -->
              <div class="configuration-method after">
                <span class="method-name">afterMethod([TestResult name=MandatoryFieldDeal status=SUCCESS method=ADealCreateTest.MandatoryFieldDeal()[pri:1...)</span>
                <span class="method-start">451532 ms</span>
              </div> <!-- configuration-method after -->
              <div class="test-method">
                <span class="method-name">CreateDealAdmin</span>
                <span class="method-start">451532 ms</span>
              </div> <!-- test-method -->
              <div class="configuration-method after">
                <span class="method-name">afterMethod([TestResult name=CreateDealAdmin status=SUCCESS method=ADealCreateTest.CreateDealAdmin()[pri:20, ins...)</span>
                <span class="method-start">527794 ms</span>
              </div> <!-- configuration-method after -->
              <div class="configuration-class after">
                <span class="method-name">tearDown</span>
                <span class="method-start">527795 ms</span>
              </div> <!-- configuration-class after -->
            </div> <!-- chronological-class -->
            <div class="chronological-class">
              <div class="chronological-class-name">src.com.pack.common.tests.AInvestonDealTest</div> <!-- chronological-class-name -->
              <div class="configuration-class before">
                <span class="method-name">initializeTestBaseSetup(Chrome, iHuddle, https://tic-client-uat.azurewebsites.net/, aihuddle, https://tic-admin-uat.azureweb...)</span>
                <span class="method-start">528538 ms</span>
              </div> <!-- configuration-class before -->
              <div class="configuration-class before">
                <span class="method-name">setUp(org.testng.TestRunner@478a9195)</span>
                <span class="method-start">531199 ms</span>
              </div> <!-- configuration-class before -->
              <div class="test-method">
                <img src="failed.png">
                </img>
                <span class="method-name">aUploadDocumentOnDeal</span>
                <span class="method-start">531204 ms</span>
              </div> <!-- test-method -->
              <div class="configuration-method after">
                <span class="method-name">afterMethod([TestResult name=aUploadDocumentOnDeal status=FAILURE method=AInvestonDealTest.aUploadDocumentOnDeal...)</span>
                <span class="method-start">560003 ms</span>
              </div> <!-- configuration-method after -->
              <div class="test-method">
                <img src="failed.png">
                </img>
                <span class="method-name">bInvestonDeal</span>
                <span class="method-start">561004 ms</span>
              </div> <!-- test-method -->
              <div class="configuration-method after">
                <span class="method-name">afterMethod([TestResult name=bInvestonDeal status=FAILURE method=AInvestonDealTest.bInvestonDeal()[pri:20, insta...)</span>
                <span class="method-start">564041 ms</span>
              </div> <!-- configuration-method after -->
              <div class="test-method">
                <img src="failed.png">
                </img>
                <span class="method-name">cverifyAmountInvestor</span>
                <span class="method-start">565042 ms</span>
              </div> <!-- test-method -->
              <div class="configuration-method after">
                <span class="method-name">afterMethod([TestResult name=cverifyAmountInvestor status=FAILURE method=AInvestonDealTest.cverifyAmountInvestor...)</span>
                <span class="method-start">588038 ms</span>
              </div> <!-- configuration-method after -->
              <div class="test-method">
                <img src="failed.png">
                </img>
                <span class="method-name">dDeleteInvestment</span>
                <span class="method-start">589040 ms</span>
              </div> <!-- test-method -->
              <div class="configuration-method after">
                <span class="method-name">afterMethod([TestResult name=dDeleteInvestment status=FAILURE method=AInvestonDealTest.dDeleteInvestment()[pri:4...)</span>
                <span class="method-start">652991 ms</span>
              </div> <!-- configuration-method after -->
              <div class="configuration-class after">
                <span class="method-name">tearDown</span>
                <span class="method-start">653992 ms</span>
              </div> <!-- configuration-class after -->
            </div> <!-- chronological-class -->
            <div class="chronological-class">
              <div class="chronological-class-name">src.com.pack.common.tests.ADeletePageTest</div> <!-- chronological-class-name -->
              <div class="configuration-class before">
                <span class="method-name">initializeTestBaseSetup(Chrome, iHuddle, https://tic-client-uat.azurewebsites.net/, aihuddle, https://tic-admin-uat.azureweb...)</span>
                <span class="method-start">654690 ms</span>
              </div> <!-- configuration-class before -->
              <div class="configuration-class before">
                <span class="method-name">setUp(org.testng.TestRunner@478a9195)</span>
                <span class="method-start">658339 ms</span>
              </div> <!-- configuration-class before -->
              <div class="test-method">
                <img src="failed.png">
                </img>
                <span class="method-name">adeleteInvestorImage</span>
                <span class="method-start">658344 ms</span>
              </div> <!-- test-method -->
              <div class="configuration-method after">
                <span class="method-name">afterMethod([TestResult name=adeleteInvestorImage status=FAILURE method=ADeletePageTest.adeleteInvestorImage()[p...)</span>
                <span class="method-start">688259 ms</span>
              </div> <!-- configuration-method after -->
              <div class="test-method">
                <img src="failed.png">
                </img>
                <span class="method-name">bdeleteDeal</span>
                <span class="method-start">689261 ms</span>
              </div> <!-- test-method -->
              <div class="configuration-method after">
                <span class="method-name">afterMethod([TestResult name=bdeleteDeal status=FAILURE method=ADeletePageTest.bdeleteDeal()[pri:20, instance:sr...)</span>
                <span class="method-start">716002 ms</span>
              </div> <!-- configuration-method after -->
              <div class="configuration-class after">
                <span class="method-name">tearDown</span>
                <span class="method-start">717004 ms</span>
              </div> <!-- configuration-class after -->
            </div> <!-- chronological-class -->
            <div class="chronological-class">
              <div class="chronological-class-name">src.com.pack.common.tests.CDealCreateTest</div> <!-- chronological-class-name -->
              <div class="configuration-class before">
                <span class="method-name">initializeTestBaseSetup(Chrome, iHuddle, https://tic-client-uat.azurewebsites.net/, aihuddle, https://tic-admin-uat.azureweb...)</span>
                <span class="method-start">717713 ms</span>
              </div> <!-- configuration-class before -->
              <div class="configuration-class before">
                <span class="method-name">setUp(org.testng.TestRunner@478a9195)</span>
                <span class="method-start">720608 ms</span>
              </div> <!-- configuration-class before -->
              <div class="test-method">
                <img src="failed.png">
                </img>
                <span class="method-name">dealDetails</span>
                <span class="method-start">720612 ms</span>
              </div> <!-- test-method -->
              <div class="configuration-method after">
                <span class="method-name">afterMethod([TestResult name=dealDetails status=FAILURE method=CDealCreateTest.dealDetails()[pri:10, instance:sr...)</span>
                <span class="method-start">746866 ms</span>
              </div> <!-- configuration-method after -->
              <div class="configuration-class after">
                <span class="method-name">tearDown</span>
                <span class="method-start">747869 ms</span>
              </div> <!-- configuration-class after -->
            </div> <!-- chronological-class -->
            <div class="chronological-class">
              <div class="chronological-class-name">src.com.pack.common.tests.IconPageTest</div> <!-- chronological-class-name -->
              <div class="configuration-class before">
                <span class="method-name">initializeTestBaseSetup(Chrome, iHuddle, https://tic-client-uat.azurewebsites.net/, aihuddle, https://tic-admin-uat.azureweb...)</span>
                <span class="method-start">748510 ms</span>
              </div> <!-- configuration-class before -->
              <div class="configuration-class before">
                <span class="method-name">setUp(org.testng.TestRunner@478a9195)</span>
                <span class="method-start">750509 ms</span>
              </div> <!-- configuration-class before -->
              <div class="test-method">
                <img src="failed.png">
                </img>
                <span class="method-name">NotificationSet</span>
                <span class="method-start">750515 ms</span>
              </div> <!-- test-method -->
              <div class="configuration-method after">
                <span class="method-name">afterMethod([TestResult name=NotificationSet status=FAILURE method=IconPageTest.NotificationSet()[pri:10, instan...)</span>
                <span class="method-start">779107 ms</span>
              </div> <!-- configuration-method after -->
              <div class="test-method">
                <img src="failed.png">
                </img>
                <span class="method-name">MyProfileDetails</span>
                <span class="method-start">780109 ms</span>
              </div> <!-- test-method -->
              <div class="configuration-method after">
                <span class="method-name">afterMethod([TestResult name=MyProfileDetails status=FAILURE method=IconPageTest.MyProfileDetails()[pri:20, inst...)</span>
                <span class="method-start">805217 ms</span>
              </div> <!-- configuration-method after -->
              <div class="configuration-class after">
                <span class="method-name">tearDown</span>
                <span class="method-start">806218 ms</span>
              </div> <!-- configuration-class after -->
            </div> <!-- chronological-class -->
            <div class="chronological-class">
              <div class="chronological-class-name">src.com.pack.common.tests.DealViewTest</div> <!-- chronological-class-name -->
              <div class="configuration-class before">
                <span class="method-name">initializeTestBaseSetup(Chrome, iHuddle, https://tic-client-uat.azurewebsites.net/, aihuddle, https://tic-admin-uat.azureweb...)</span>
                <span class="method-start">806927 ms</span>
              </div> <!-- configuration-class before -->
              <div class="configuration-class before">
                <span class="method-name">setUp(org.testng.TestRunner@478a9195)</span>
                <span class="method-start">809767 ms</span>
              </div> <!-- configuration-class before -->
              <div class="test-method">
                <img src="failed.png">
                </img>
                <span class="method-name">InvitationsDeal</span>
                <span class="method-start">809771 ms</span>
              </div> <!-- test-method -->
              <div class="configuration-method after">
                <span class="method-name">afterMethod([TestResult name=InvitationsDeal status=FAILURE method=DealViewTest.InvitationsDeal()[pri:10, instan...)</span>
                <span class="method-start">836863 ms</span>
              </div> <!-- configuration-method after -->
              <div class="test-method">
                <img src="failed.png">
                </img>
                <span class="method-name">MyOriginationDeal</span>
                <span class="method-start">837864 ms</span>
              </div> <!-- test-method -->
              <div class="configuration-method after">
                <span class="method-name">afterMethod([TestResult name=MyOriginationDeal status=FAILURE method=DealViewTest.MyOriginationDeal()[pri:20, in...)</span>
                <span class="method-start">860726 ms</span>
              </div> <!-- configuration-method after -->
              <div class="test-method">
                <img src="failed.png">
                </img>
                <span class="method-name">OpenHuddlesDeal</span>
                <span class="method-start">861727 ms</span>
              </div> <!-- test-method -->
              <div class="configuration-method after">
                <span class="method-name">afterMethod([TestResult name=OpenHuddlesDeal status=FAILURE method=DealViewTest.OpenHuddlesDeal()[pri:30, instan...)</span>
                <span class="method-start">884687 ms</span>
              </div> <!-- configuration-method after -->
              <div class="configuration-class after">
                <span class="method-name">tearDown</span>
                <span class="method-start">885691 ms</span>
              </div> <!-- configuration-class after -->
          </div> <!-- main-panel-content rounded-window-bottom -->
        </div> <!-- panel -->
        <div panel-name="chronological-iHuddle_Test_Suite" class="panel">
          <div class="main-panel-header rounded-window-top">
            <span class="header-content">Methods in chronological order</span>
          </div> <!-- main-panel-header rounded-window-top -->
          <div class="main-panel-content rounded-window-bottom">
          </div> <!-- main-panel-content rounded-window-bottom -->
        </div> <!-- panel -->
      </div> <!-- main-panel-root -->
    </div> <!-- wrapper -->
  </body>
<script type="text/javascript" src="testng-reports2.js"></script>
</html>
